\BOOKMARK [1][-]{section.1}{\376\377\000T\000r\000z\001\031\000s\000i\000e\000n\000i\000a\000\040\000z\000i\000e\000m\000i\000\040\000n\000a\000\040\001\133\000w\000i\000e\000c\000i\000e}{}% 1
\BOOKMARK [2][-]{subsection.1.1}{\376\377\001\171\000r\000\363\000d\001\102\000o\000\040\000d\000a\000n\000y\000c\000h}{section.1}% 2
\BOOKMARK [2][-]{subsection.1.2}{\376\377\000O\000p\000i\000s\000\040\000z\000b\000i\000o\000r\000u\000\040\000i\000\040\000i\000s\000t\000o\000t\000n\000y\000c\000h\000\040\000p\000o\000j\001\031\001\007}{section.1}% 3
\BOOKMARK [2][-]{subsection.1.3}{\376\377\000W\000i\000z\000u\000a\000l\000i\000z\000a\000c\000j\000e\000\040\000z\000b\000i\000o\000r\000u}{section.1}% 4
\BOOKMARK [3][-]{subsubsection.1.3.1}{}{subsection.1.3}% 5
\BOOKMARK [2][-]{subsection.1.4}{\376\377\000W\000n\000i\000o\000s\000k\000i}{section.1}% 6
\BOOKMARK [1][-]{section.2}{\376\377\000W\000y\000b\000r\000a\000n\000e\000\040\000s\000t\000a\000t\000y\000s\000t\000y\000k\000i\000\040\000b\000i\000b\000l\000i\000o\000t\000e\000k\000\040\000r\000a\000d\000o\000m\000s\000k\000i\000c\000h}{}% 7
\BOOKMARK [2][-]{subsection.2.1}{\376\377\001\171\000r\000\363\000d\001\102\000o\000\040\000d\000a\000n\000y\000c\000h}{section.2}% 8
\BOOKMARK [2][-]{subsection.2.2}{\376\377\000O\000p\000i\000s\000\040\000z\000b\000i\000o\000r\000u\000\040\000i\000\040\000i\000s\000t\000o\000t\000n\000y\000c\000h\000\040\000p\000o\000j\001\031\001\007}{section.2}% 9
\BOOKMARK [2][-]{subsection.2.3}{\376\377\000W\000i\000z\000u\000a\000l\000i\000z\000a\000c\000j\000e\000\040\000z\000b\000i\000o\000r\000u}{section.2}% 10
\BOOKMARK [3][-]{subsubsection.2.3.1}{\376\377\000R\000o\000z\000k\001\102\000a\000d\000\040\000w\000y\000b\000r\000a\000n\000y\000c\000h\000\040\000w\000a\000r\000t\000o\001\133\000c\000i\000\040\000d\000o\000t\000.\000\040\000b\000i\000b\000l\000i\000o\000t\000e\000k}{subsection.2.3}% 11
\BOOKMARK [3][-]{subsubsection.2.3.2}{\376\377\000D\000y\000n\000a\000m\000i\000k\000a\000\040\000w\000s\000k\000a\001\172\000n\000i\000k\000\363\000w\000\040\000b\000i\000b\000l\000i\000o\000t\000e\000k\000\040\000p\000u\000b\000l\000i\000c\000z\000n\000y\000c\000h}{subsection.2.3}% 12
\BOOKMARK [3][-]{subsubsection.2.3.3}{\376\377\000L\000i\000c\000z\000b\000a\000\040\000c\000z\000y\000t\000e\000l\000n\000i\000k\000\363\000w\000\040\000n\000a\000\040\000p\000r\000z\000e\000s\000t\000r\000z\000e\000n\000i\000\040\000l\000a\000t}{subsection.2.3}% 13
\BOOKMARK [3][-]{subsubsection.2.3.4}{\376\377\000W\000y\000r\000k\000e\000s\000\040\000p\000o\000r\000\363\000w\000n\000a\000w\000c\000z\000y\000\040\000-\000\040\000l\000i\000c\000z\000b\000a\000\040\000c\000z\000y\000t\000e\000l\000n\000i\000k\000\363\000w\000\040\000w\000\040\000b\000i\000b\000l\000i\000o\000t\000e\000k\000a\000c\000h\000\040\000p\000u\000b\000l\000i\000c\000z\000n\000y\000c\000h\000\040\000a\000\040\000n\000i\000e\000p\000u\000b\000l\000i\000c\000z\000n\000y\000c\000h}{subsection.2.3}% 14
\BOOKMARK [3][-]{subsubsection.2.3.5}{\376\377\000L\000i\000c\000z\000e\000b\000n\000o\001\133\001\007\000\040\000k\000s\000i\001\031\000g\000o\000z\000b\000i\000o\000r\000\363\000w\000\040\000n\000a\000\040\000p\000r\000z\000e\000s\000t\000r\000z\000e\000n\000i\000\040\000l\000a\000t}{subsection.2.3}% 15
\BOOKMARK [3][-]{subsubsection.2.3.6}{\376\377\000L\000i\000c\000z\000b\000a\000\040\000p\000r\000a\000c\000o\000w\000n\000i\000k\000\363\000w\000\040\000b\000i\000b\000l\000i\000o\000t\000e\000k\000\040\000n\000a\000\040\000p\000r\000z\000e\000s\000t\000r\000z\000e\000n\000i\000\040\000l\000a\000t}{subsection.2.3}% 16
\BOOKMARK [3][-]{subsubsection.2.3.7}{\376\377\000W\000s\000k\000a\001\172\000n\000i\000k\000i\000\040\000w\000z\000g\000l\001\031\000d\000n\000e\000\040\000b\000i\000b\000l\000i\000o\000t\000e\000k\000\040\000p\000u\000b\000l\000i\000c\000z\000n\000y\000c\000h\000\040\000n\000a\000\040\000p\000r\000z\000e\000s\000t\000r\000z\000e\000n\000i\000\040\000l\000a\000t}{subsection.2.3}% 17
\BOOKMARK [3][-]{subsubsection.2.3.8}{\376\377\000W\000s\000k\000a\001\172\000n\000i\000k\000i\000\040\000w\000z\000g\000l\001\031\000d\000n\000e\000\040\000a\000k\000t\000y\000w\000n\000o\001\133\000c\000i\000\040\000c\000z\000y\000t\000e\000l\000n\000i\000c\000z\000e\000j\000\040\000w\000\040\000b\000i\000b\000l\000i\000o\000t\000e\000k\000a\000c\000h\000\040\000p\000u\000b\000l\000i\000c\000z\000n\000y\000c\000h}{subsection.2.3}% 18
\BOOKMARK [3][-]{subsubsection.2.3.9}{\376\377\000L\000i\000c\000z\000b\000a\000\040\000w\000y\000p\000o\001\174\000y\000c\000z\000e\001\104\000\040\000z\000e\000w\000n\001\031\000t\000r\000z\000n\000y\000c\000h\000\040\000w\000\040\000b\000i\000b\000l\000i\000o\000t\000e\000k\000a\000c\000h\000\040\000p\000u\000b\000l\000i\000c\000z\000n\000y\000c\000h}{subsection.2.3}% 19
\BOOKMARK [3][-]{subsubsection.2.3.10}{\376\377\000L\000i\000c\000z\000b\000a\000\040\000w\000y\000p\000o\001\174\000y\000c\000z\000e\001\104\000\040\000w\000\040\000b\000i\000b\000l\000i\000o\000t\000e\000k\000a\000c\000h\000\040\000n\000i\000e\000p\000u\000b\000l\000i\000c\000z\000n\000y\000c\000h\000\040\000z\000\040\000p\000o\000d\000z\000i\000a\001\102\000e\000m\000\040\000n\000a\000\040\000r\000o\000d\000z\000a\000j\000\040\000w\000y\000p\000o\001\174\000y\000c\000z\000e\000n\000i\000a}{subsection.2.3}% 20
\BOOKMARK [3][-]{subsubsection.2.3.11}{\376\377\000Z\000a\000l\000e\001\174\000n\000o\001\133\001\007\000\040\000w\000y\000p\000o\001\174\000y\000c\000z\000e\001\104\000\040\000o\000d\000\040\000l\000i\000c\000z\000b\000y\000\040\000c\000z\000y\000t\000e\000l\000n\000i\000k\000\363\000w\000\040\000w\000\040\000b\000i\000b\000l\000i\000o\000t\000e\000k\000a\000c\000h\000\040\000p\000u\000b\000l\000i\000c\000z\000n\000y\000c\000h}{subsection.2.3}% 21
\BOOKMARK [3][-]{subsubsection.2.3.12}{\376\377\000K\000o\000m\000p\000u\000t\000e\000r\000y\000z\000a\000c\000j\000a\000\040\000b\000i\000b\000l\000i\000o\000t\000e\000k\000\040\000p\000u\000b\000l\000i\000c\000z\000n\000y\000c\000h}{subsection.2.3}% 22
\BOOKMARK [3][-]{subsubsection.2.3.13}{\376\377\000P\000o\000r\000\363\000w\000n\000a\000n\000i\000e\000\040\000k\000o\000m\000p\000u\000t\000e\000r\000y\000z\000a\000c\000j\000i\000\040\000b\000i\000b\000l\000i\000o\000t\000e\000k\000\040\000p\000u\000b\000l\000i\000c\000z\000n\000y\000c\000h\000\040\000a\000\040\000n\000i\000e\000p\000u\000b\000l\000i\000c\000z\000n\000y\000c\000h}{subsection.2.3}% 23
\BOOKMARK [3][-]{subsubsection.2.3.14}{\376\377\000L\000i\000c\000z\000b\000a\000\040\000w\000o\000l\000u\000m\000i\000n\000\363\000w\000\040\000z\000b\000i\000o\000r\000\363\000w\000\040\000s\000p\000e\000c\000j\000a\000l\000n\000y\000c\000h\000\040\000w\000\040\000b\000i\000b\000l\000i\000o\000t\000e\000k\000a\000c\000h\000\040\000r\000a\000d\000o\000m\000s\000k\000i\000c\000h}{subsection.2.3}% 24
\BOOKMARK [3][-]{subsubsection.2.3.15}{\376\377\000L\000i\000c\000z\000b\000a\000\040\000i\000\040\000w\000s\000k\000a\001\172\000n\000i\000k\000\040\000d\000o\000s\000t\001\031\000p\000n\000o\001\133\000c\000i\000\040\000b\000i\000b\000l\000i\000o\000t\000e\000k\000\040\000d\000l\000a\000\040\000o\000s\000\363\000b\000\040\000n\000i\000e\000p\000e\001\102\000n\000o\000s\000p\000r\000a\000w\000n\000y\000c\000h}{subsection.2.3}% 25
\BOOKMARK [2][-]{subsection.2.4}{\376\377\000W\000n\000i\000o\000s\000k\000i}{section.2}% 26
