This is pdfTeX, Version 3.141592653-2.6-1.40.26 (TeX Live 2024) (preloaded format=pdflatex 2024.6.9)  5 MAY 2026 21:34
entering extended mode
 \write18 enabled.
 file:line:error style messages enabled.
 %&-line parsing enabled.
**"c:/Users/janma/Desktop/NEWD_26/!_Sprawozdanie_1/Sprawozdanie NEWD sem 26 - Jan DomaĹ„ski, Maciej KurzydĹ‚owski, Jan Machowski"
(c:/Users/janma/Desktop/NEWD_26/!_Sprawozdanie_1/Sprawozdanie NEWD sem 26 - Jan DomaĹ„ski, Maciej KurzydĹ‚owski, Jan Machowski.tex
LaTeX2e <2024-06-01>
L3 programming layer <2024-05-27>
(g:/texlive/2024/texmf-dist/tex/latex/base/article.cls
Document Class: article 2024/02/08 v1.4n Standard LaTeX document class
(g:/texlive/2024/texmf-dist/tex/latex/base/size12.clo
File: size12.clo 2024/02/08 v1.4n Standard LaTeX file (size option)
)
\c@part=\count194
\c@section=\count195
\c@subsection=\count196
\c@subsubsection=\count197
\c@paragraph=\count198
\c@subparagraph=\count199
\c@figure=\count266
\c@table=\count267
\abovecaptionskip=\skip49
\belowcaptionskip=\skip50
\bibindent=\dimen141
) (g:/texlive/2024/texmf-dist/tex/latex/base/fontenc.sty
Package: fontenc 2021/04/29 v2.0v Standard LaTeX package
 (g:/texlive/2024/texmf-dist/tex/latex/base/ot4enc.def
File: ot4enc.def 2021/04/29 v2.0v Standard LaTeX file
Now handling font encoding OT4 ...
... no UTF-8 mapping file for font encoding OT4
)
LaTeX Font Info:    Trying to load font information for OT4+cmr on input line 116.
 (g:/texlive/2024/texmf-dist/tex/latex/polski/ot4cmr.fd
File: ot4cmr.fd 2008/02/24 v1.2.1 Font defs for fonts PL (MW)
)) (g:/texlive/2024/texmf-dist/tex/generic/babel/babel.sty
Package: babel 2024/06/02 v24.6 The Babel package
\babel@savecnt=\count268
\U@D=\dimen142
\l@unhyphenated=\language89
 (g:/texlive/2024/texmf-dist/tex/generic/babel/txtbabel.def)
\bbl@readstream=\read2
\bbl@dirlevel=\count269
 (g:/texlive/2024/texmf-dist/tex/generic/babel-polish/polish.ldf
Language: polish 2022/03/12 1.3 Babel support for Polish
Package babel Info: Making " an active character on input line 101.
)) (g:/texlive/2024/texmf-dist/tex/generic/babel/locale/pl/babel-polish.tex
Package babel Info: Importing font and identification data for polish
(babel)             from babel-pl.ini. Reported on input line 11.
) (g:/texlive/2024/texmf-dist/tex/latex/geometry/geometry.sty
Package: geometry 2020/01/02 v5.9 Page Geometry
 (g:/texlive/2024/texmf-dist/tex/latex/graphics/keyval.sty
Package: keyval 2022/05/29 v1.15 key=value parser (DPC)
\KV@toks@=\toks17
) (g:/texlive/2024/texmf-dist/tex/generic/iftex/ifvtex.sty
Package: ifvtex 2019/10/25 v1.7 ifvtex legacy package. Use iftex instead.
 (g:/texlive/2024/texmf-dist/tex/generic/iftex/iftex.sty
Package: iftex 2022/02/03 v1.0f TeX engine tests
))
\Gm@cnth=\count270
\Gm@cntv=\count271
\c@Gm@tempcnt=\count272
\Gm@bindingoffset=\dimen143
\Gm@wd@mp=\dimen144
\Gm@odd@mp=\dimen145
\Gm@even@mp=\dimen146
\Gm@layoutwidth=\dimen147
\Gm@layoutheight=\dimen148
\Gm@layouthoffset=\dimen149
\Gm@layoutvoffset=\dimen150
\Gm@dimlist=\toks18
) (g:/texlive/2024/texmf-dist/tex/latex/mathtools/mathtools.sty
Package: mathtools 2024/03/11 v1.30 mathematical typesetting tools
 (g:/texlive/2024/texmf-dist/tex/latex/tools/calc.sty
Package: calc 2023/07/08 v4.3 Infix arithmetic (KKT,FJ)
\calc@Acount=\count273
\calc@Bcount=\count274
\calc@Adimen=\dimen151
\calc@Bdimen=\dimen152
\calc@Askip=\skip51
\calc@Bskip=\skip52
LaTeX Info: Redefining \setlength on input line 80.
LaTeX Info: Redefining \addtolength on input line 81.
\calc@Ccount=\count275
\calc@Cskip=\skip53
) (g:/texlive/2024/texmf-dist/tex/latex/mathtools/mhsetup.sty
Package: mhsetup 2021/03/18 v1.4 programming setup (MH)
) (g:/texlive/2024/texmf-dist/tex/latex/amsmath/amsmath.sty
Package: amsmath 2024/05/23 v2.17q AMS math features
\@mathmargin=\skip54

For additional information on amsmath, use the `?' option.
(g:/texlive/2024/texmf-dist/tex/latex/amsmath/amstext.sty
Package: amstext 2021/08/26 v2.01 AMS text
 (g:/texlive/2024/texmf-dist/tex/latex/amsmath/amsgen.sty
File: amsgen.sty 1999/11/30 v2.0 generic functions
\@emptytoks=\toks19
\ex@=\dimen153
)) (g:/texlive/2024/texmf-dist/tex/latex/amsmath/amsbsy.sty
Package: amsbsy 1999/11/29 v1.2d Bold Symbols
\pmbraise@=\dimen154
) (g:/texlive/2024/texmf-dist/tex/latex/amsmath/amsopn.sty
Package: amsopn 2022/04/08 v2.04 operator names
)
\inf@bad=\count276
LaTeX Info: Redefining \frac on input line 233.
\uproot@=\count277
\leftroot@=\count278
LaTeX Info: Redefining \overline on input line 398.
LaTeX Info: Redefining \colon on input line 409.
\classnum@=\count279
\DOTSCASE@=\count280
LaTeX Info: Redefining \ldots on input line 495.
LaTeX Info: Redefining \dots on input line 498.
LaTeX Info: Redefining \cdots on input line 619.
\Mathstrutbox@=\box52
\strutbox@=\box53
LaTeX Info: Redefining \big on input line 721.
LaTeX Info: Redefining \Big on input line 722.
LaTeX Info: Redefining \bigg on input line 723.
LaTeX Info: Redefining \Bigg on input line 724.
\big@size=\dimen155
LaTeX Font Info:    Redeclaring font encoding OML on input line 742.
LaTeX Font Info:    Redeclaring font encoding OMS on input line 743.
\macc@depth=\count281
LaTeX Info: Redefining \bmod on input line 904.
LaTeX Info: Redefining \pmod on input line 909.
LaTeX Info: Redefining \smash on input line 939.
LaTeX Info: Redefining \relbar on input line 969.
LaTeX Info: Redefining \Relbar on input line 970.
\c@MaxMatrixCols=\count282
\dotsspace@=\muskip17
\c@parentequation=\count283
\dspbrk@lvl=\count284
\tag@help=\toks20
\row@=\count285
\column@=\count286
\maxfields@=\count287
\andhelp@=\toks21
\eqnshift@=\dimen156
\alignsep@=\dimen157
\tagshift@=\dimen158
\tagwidth@=\dimen159
\totwidth@=\dimen160
\lineht@=\dimen161
\@envbody=\toks22
\multlinegap=\skip55
\multlinetaggap=\skip56
\mathdisplay@stack=\toks23
LaTeX Info: Redefining \[ on input line 2953.
LaTeX Info: Redefining \] on input line 2954.
)
\g_MT_multlinerow_int=\count288
\l_MT_multwidth_dim=\dimen162
\origjot=\skip57
\l_MT_shortvdotswithinadjustabove_dim=\dimen163
\l_MT_shortvdotswithinadjustbelow_dim=\dimen164
\l_MT_above_intertext_sep=\dimen165
\l_MT_below_intertext_sep=\dimen166
\l_MT_above_shortintertext_sep=\dimen167
\l_MT_below_shortintertext_sep=\dimen168
\xmathstrut@box=\box54
\xmathstrut@dim=\dimen169
) (g:/texlive/2024/texmf-dist/tex/latex/float/float.sty
Package: float 2001/11/08 v1.3d Float enhancements (AL)
\c@float@type=\count289
\float@exts=\toks24
\float@box=\box55
\@float@everytoks=\toks25
\@floatcapt=\box56
) (g:/texlive/2024/texmf-dist/tex/latex/hyperref/hyperref.sty
Package: hyperref 2024-05-23 v7.01i Hypertext links for LaTeX
 (g:/texlive/2024/texmf-dist/tex/latex/kvsetkeys/kvsetkeys.sty
Package: kvsetkeys 2022-10-05 v1.19 Key value parser (HO)
) (g:/texlive/2024/texmf-dist/tex/generic/kvdefinekeys/kvdefinekeys.sty
Package: kvdefinekeys 2019-12-19 v1.6 Define keys (HO)
) (g:/texlive/2024/texmf-dist/tex/generic/pdfescape/pdfescape.sty
Package: pdfescape 2019/12/09 v1.15 Implements pdfTeX's escape features (HO)
 (g:/texlive/2024/texmf-dist/tex/generic/ltxcmds/ltxcmds.sty
Package: ltxcmds 2023-12-04 v1.26 LaTeX kernel commands for general use (HO)
) (g:/texlive/2024/texmf-dist/tex/generic/pdftexcmds/pdftexcmds.sty
Package: pdftexcmds 2020-06-27 v0.33 Utility functions of pdfTeX for LuaTeX (HO)
 (g:/texlive/2024/texmf-dist/tex/generic/infwarerr/infwarerr.sty
Package: infwarerr 2019/12/03 v1.5 Providing info/warning/error messages (HO)
)
Package pdftexcmds Info: \pdf@primitive is available.
Package pdftexcmds Info: \pdf@ifprimitive is available.
Package pdftexcmds Info: \pdfdraftmode found.
)) (g:/texlive/2024/texmf-dist/tex/latex/hycolor/hycolor.sty
Package: hycolor 2020-01-27 v1.10 Color options for hyperref/bookmark (HO)
) (g:/texlive/2024/texmf-dist/tex/latex/hyperref/nameref.sty
Package: nameref 2023-11-26 v2.56 Cross-referencing by name of section
 (g:/texlive/2024/texmf-dist/tex/latex/refcount/refcount.sty
Package: refcount 2019/12/15 v3.6 Data extraction from label references (HO)
) (g:/texlive/2024/texmf-dist/tex/generic/gettitlestring/gettitlestring.sty
Package: gettitlestring 2019/12/15 v1.6 Cleanup title references (HO)
 (g:/texlive/2024/texmf-dist/tex/latex/kvoptions/kvoptions.sty
Package: kvoptions 2022-06-15 v3.15 Key value format for package options (HO)
))
\c@section@level=\count290
) (g:/texlive/2024/texmf-dist/tex/latex/etoolbox/etoolbox.sty
Package: etoolbox 2020/10/05 v2.5k e-TeX tools for LaTeX (JAW)
\etb@tempcnta=\count291
) (g:/texlive/2024/texmf-dist/tex/generic/stringenc/stringenc.sty
Package: stringenc 2019/11/29 v1.12 Convert strings between diff. encodings (HO)
)
\@linkdim=\dimen170
\Hy@linkcounter=\count292
\Hy@pagecounter=\count293
 (g:/texlive/2024/texmf-dist/tex/latex/hyperref/pd1enc.def
File: pd1enc.def 2024-05-23 v7.01i Hyperref: PDFDocEncoding definition (HO)
Now handling font encoding PD1 ...
... no UTF-8 mapping file for font encoding PD1
) (g:/texlive/2024/texmf-dist/tex/generic/intcalc/intcalc.sty
Package: intcalc 2019/12/15 v1.3 Expandable calculations with integers (HO)
)
\Hy@SavedSpaceFactor=\count294
 (g:/texlive/2024/texmf-dist/tex/latex/hyperref/puenc.def
File: puenc.def 2024-05-23 v7.01i Hyperref: PDF Unicode definition (HO)
Now handling font encoding PU ...
... no UTF-8 mapping file for font encoding PU
)
Package hyperref Info: Hyper figures OFF on input line 4157.
Package hyperref Info: Link nesting OFF on input line 4162.
Package hyperref Info: Hyper index ON on input line 4165.
Package hyperref Info: Plain pages OFF on input line 4172.
Package hyperref Info: Backreferencing OFF on input line 4177.
Package hyperref Info: Implicit mode ON; LaTeX internals redefined.
Package hyperref Info: Bookmarks ON on input line 4424.
\c@Hy@tempcnt=\count295
 (g:/texlive/2024/texmf-dist/tex/latex/url/url.sty
\Urlmuskip=\muskip18
Package: url 2013/09/16  ver 3.4  Verb mode for urls, etc.
)
LaTeX Info: Redefining \url on input line 4763.
\XeTeXLinkMargin=\dimen171
 (g:/texlive/2024/texmf-dist/tex/generic/bitset/bitset.sty
Package: bitset 2019/12/09 v1.3 Handle bit-vector datatype (HO)
 (g:/texlive/2024/texmf-dist/tex/generic/bigintcalc/bigintcalc.sty
Package: bigintcalc 2019/12/15 v1.5 Expandable calculations on big integers (HO)
))
\Fld@menulength=\count296
\Field@Width=\dimen172
\Fld@charsize=\dimen173
Package hyperref Info: Hyper figures OFF on input line 6042.
Package hyperref Info: Link nesting OFF on input line 6047.
Package hyperref Info: Hyper index ON on input line 6050.
Package hyperref Info: backreferencing OFF on input line 6057.
Package hyperref Info: Link coloring OFF on input line 6062.
Package hyperref Info: Link coloring with OCG OFF on input line 6067.
Package hyperref Info: PDF/A mode OFF on input line 6072.
 (g:/texlive/2024/texmf-dist/tex/latex/base/atbegshi-ltx.sty
Package: atbegshi-ltx 2021/01/10 v1.0c Emulation of the original atbegshi
package with kernel methods
)
\Hy@abspage=\count297
\c@Item=\count298
\c@Hfootnote=\count299
)
Package hyperref Info: Driver (autodetected): hpdftex.
 (g:/texlive/2024/texmf-dist/tex/latex/hyperref/hpdftex.def
File: hpdftex.def 2024-05-23 v7.01i Hyperref driver for pdfTeX
 (g:/texlive/2024/texmf-dist/tex/latex/base/atveryend-ltx.sty
Package: atveryend-ltx 2020/08/19 v1.0a Emulation of the original atveryend package
with kernel methods
)
\Fld@listcount=\count300
\c@bookmark@seq@number=\count301
 (g:/texlive/2024/texmf-dist/tex/latex/rerunfilecheck/rerunfilecheck.sty
Package: rerunfilecheck 2022-07-10 v1.10 Rerun checks for auxiliary files (HO)
 (g:/texlive/2024/texmf-dist/tex/generic/uniquecounter/uniquecounter.sty
Package: uniquecounter 2019/12/15 v1.4 Provide unlimited unique counter (HO)
)
Package uniquecounter Info: New unique counter `rerunfilecheck' on input line 285.
)
\Hy@SectionHShift=\skip58
) (g:/texlive/2024/texmf-dist/tex/latex/svg/svg.sty
Package: svg 2020/11/26 v2.02k (include SVG pictures)
 (g:/texlive/2024/texmf-dist/tex/latex/koma-script/scrbase.sty
Package: scrbase 2023/07/07 v3.41 KOMA-Script package (KOMA-Script-independent basics and keyval usage)
 (g:/texlive/2024/texmf-dist/tex/latex/koma-script/scrlfile.sty
Package: scrlfile 2023/07/07 v3.41 KOMA-Script package (file load hooks)
 (g:/texlive/2024/texmf-dist/tex/latex/koma-script/scrlfile-hook.sty
Package: scrlfile-hook 2023/07/07 v3.41 KOMA-Script package (using LaTeX hooks)
 (g:/texlive/2024/texmf-dist/tex/latex/koma-script/scrlogo.sty
Package: scrlogo 2023/07/07 v3.41 KOMA-Script package (logo)
)))
Applying: [2021/05/01] Usage of raw or classic option list on input line 252.
Already applied: [0000/00/00] Usage of raw or classic option list on input line 368.
) (g:/texlive/2024/texmf-dist/tex/latex/trimspaces/trimspaces.sty
Package: trimspaces 2009/09/17 v1.1 Trim spaces around a token list
) (g:/texlive/2024/texmf-dist/tex/latex/graphics/graphicx.sty
Package: graphicx 2021/09/16 v1.2d Enhanced LaTeX Graphics (DPC,SPQR)
 (g:/texlive/2024/texmf-dist/tex/latex/graphics/graphics.sty
Package: graphics 2024/05/23 v1.4g Standard LaTeX Graphics (DPC,SPQR)
 (g:/texlive/2024/texmf-dist/tex/latex/graphics/trig.sty
Package: trig 2023/12/02 v1.11 sin cos tan (DPC)
) (g:/texlive/2024/texmf-dist/tex/latex/graphics-cfg/graphics.cfg
File: graphics.cfg 2016/06/04 v1.11 sample graphics configuration
)
Package graphics Info: Driver file: pdftex.def on input line 106.
 (g:/texlive/2024/texmf-dist/tex/latex/graphics-def/pdftex.def
File: pdftex.def 2024/04/13 v1.2c Graphics/color driver for pdftex
))
\Gin@req@height=\dimen174
\Gin@req@width=\dimen175
) (g:/texlive/2024/texmf-dist/tex/latex/tools/shellesc.sty
Package: shellesc 2023/07/08 v1.0d unified shell escape interface for LaTeX
Package shellesc Info: Unrestricted shell escape enabled on input line 75.
) (g:/texlive/2024/texmf-dist/tex/latex/ifplatform/ifplatform.sty
Package: ifplatform 2017/10/13 v0.4a Testing for the operating system
 (g:/texlive/2024/texmf-dist/tex/generic/catchfile/catchfile.sty
Package: catchfile 2019/12/09 v1.8 Catch the contents of a file (HO)
 (g:/texlive/2024/texmf-dist/tex/generic/etexcmds/etexcmds.sty
Package: etexcmds 2019/12/15 v1.7 Avoid name clashes with e-TeX commands (HO)
)) (g:/texlive/2024/texmf-dist/tex/generic/iftex/ifluatex.sty
Package: ifluatex 2019/10/25 v1.5 ifluatex legacy package. Use iftex instead.
))
\c@svg@param@lastpage=\count302
\svg@box=\box57
\c@svg@param@currpage=\count303
) (g:/texlive/2024/texmf-dist/tex/latex/xcolor/xcolor.sty
Package: xcolor 2023/11/15 v3.01 LaTeX color extensions (UK)
 (g:/texlive/2024/texmf-dist/tex/latex/graphics-cfg/color.cfg
File: color.cfg 2016/01/02 v1.6 sample color configuration
)
Package xcolor Info: Driver file: pdftex.def on input line 274.
 (g:/texlive/2024/texmf-dist/tex/latex/graphics/mathcolor.ltx)
Package xcolor Info: Model `cmy' substituted by `cmy0' on input line 1350.
Package xcolor Info: Model `hsb' substituted by `rgb' on input line 1354.
Package xcolor Info: Model `RGB' extended on input line 1366.
Package xcolor Info: Model `HTML' substituted by `rgb' on input line 1368.
Package xcolor Info: Model `Hsb' substituted by `hsb' on input line 1369.
Package xcolor Info: Model `tHsb' substituted by `hsb' on input line 1370.
Package xcolor Info: Model `HSB' substituted by `hsb' on input line 1371.
Package xcolor Info: Model `Gray' substituted by `gray' on input line 1372.
Package xcolor Info: Model `wave' substituted by `hsb' on input line 1373.
) (g:/texlive/2024/texmf-dist/tex/latex/transparent/transparent.sty
Package: transparent 2022-10-27 v1.5 Transparency with color stacks
 (g:/texlive/2024/texmf-dist/tex/latex/transparent/transparent-nometadata.sty
Package: transparent-nometadata 2022-10-27 v1.5 Transparency via pdfTeX's color stack (HO)
 (g:/texlive/2024/texmf-dist/tex/latex/auxhook/auxhook.sty
Package: auxhook 2019-12-17 v1.6 Hooks for auxiliary files (HO)
))) (g:/texlive/2024/texmf-dist/tex/latex/pgf/systemlayer/pgfsys.sty (g:/texlive/2024/texmf-dist/tex/latex/pgf/utilities/pgfrcs.sty (g:/texlive/2024/texmf-dist/tex/generic/pgf/utilities/pgfutil-common.tex
\pgfutil@everybye=\toks26
\pgfutil@tempdima=\dimen176
\pgfutil@tempdimb=\dimen177
) (g:/texlive/2024/texmf-dist/tex/generic/pgf/utilities/pgfutil-latex.def
\pgfutil@abb=\box58
) (g:/texlive/2024/texmf-dist/tex/generic/pgf/utilities/pgfrcs.code.tex (g:/texlive/2024/texmf-dist/tex/generic/pgf/pgf.revision.tex)
Package: pgfrcs 2023-01-15 v3.1.10 (3.1.10)
)) (g:/texlive/2024/texmf-dist/tex/generic/pgf/systemlayer/pgfsys.code.tex
Package: pgfsys 2023-01-15 v3.1.10 (3.1.10)
 (g:/texlive/2024/texmf-dist/tex/generic/pgf/utilities/pgfkeys.code.tex
\pgfkeys@pathtoks=\toks27
\pgfkeys@temptoks=\toks28
 (g:/texlive/2024/texmf-dist/tex/generic/pgf/utilities/pgfkeyslibraryfiltered.code.tex
\pgfkeys@tmptoks=\toks29
))
\pgf@x=\dimen178
\pgf@y=\dimen179
\pgf@xa=\dimen180
\pgf@ya=\dimen181
\pgf@xb=\dimen182
\pgf@yb=\dimen183
\pgf@xc=\dimen184
\pgf@yc=\dimen185
\pgf@xd=\dimen186
\pgf@yd=\dimen187
\w@pgf@writea=\write3
\r@pgf@reada=\read3
\c@pgf@counta=\count304
\c@pgf@countb=\count305
\c@pgf@countc=\count306
\c@pgf@countd=\count307
\t@pgf@toka=\toks30
\t@pgf@tokb=\toks31
\t@pgf@tokc=\toks32
\pgf@sys@id@count=\count308
 (g:/texlive/2024/texmf-dist/tex/generic/pgf/systemlayer/pgf.cfg
File: pgf.cfg 2023-01-15 v3.1.10 (3.1.10)
)
Driver file for pgf: pgfsys-pdftex.def
 (g:/texlive/2024/texmf-dist/tex/generic/pgf/systemlayer/pgfsys-pdftex.def
File: pgfsys-pdftex.def 2023-01-15 v3.1.10 (3.1.10)
 (g:/texlive/2024/texmf-dist/tex/generic/pgf/systemlayer/pgfsys-common-pdf.def
File: pgfsys-common-pdf.def 2023-01-15 v3.1.10 (3.1.10)
))) (g:/texlive/2024/texmf-dist/tex/generic/pgf/systemlayer/pgfsyssoftpath.code.tex
File: pgfsyssoftpath.code.tex 2023-01-15 v3.1.10 (3.1.10)
\pgfsyssoftpath@smallbuffer@items=\count309
\pgfsyssoftpath@bigbuffer@items=\count310
) (g:/texlive/2024/texmf-dist/tex/generic/pgf/systemlayer/pgfsysprotocol.code.tex
File: pgfsysprotocol.code.tex 2023-01-15 v3.1.10 (3.1.10)
)) (g:/texlive/2024/texmf-dist/tex/latex/placeins/placeins.sty
Package: placeins 2005/04/18  v 2.2
) (g:/texlive/2024/texmf-dist/tex/latex/chngcntr/chngcntr.sty
Package: chngcntr 2018/04/09 v1.1a change counter resetting
Package chngcntr Info: \counterwithout already defined.
(chngcntr)             Quitting chngcntr on input line 21.
) (g:/texlive/2024/texmf-dist/tex/latex/l3backend/l3backend-pdftex.def
File: l3backend-pdftex.def 2024-05-08 L3 backend support: PDF output (pdfTeX)
\l__color_backend_stack_int=\count311
\l__pdf_internal_box=\box59
) (./Sprawozdanie NEWD sem 26 - Jan DomaĹ„ski, Maciej KurzydĹ‚owski, Jan Machowski.aux)
\openout1 = `"Sprawozdanie NEWD sem 26 - Jan DomaĹ„ski, Maciej KurzydĹ‚owski, Jan Machowski.aux"'.

LaTeX Font Info:    Checking defaults for OML/cmm/m/it on input line 44.
LaTeX Font Info:    ... okay on input line 44.
LaTeX Font Info:    Checking defaults for OMS/cmsy/m/n on input line 44.
LaTeX Font Info:    ... okay on input line 44.
LaTeX Font Info:    Checking defaults for OT1/cmr/m/n on input line 44.
LaTeX Font Info:    ... okay on input line 44.
LaTeX Font Info:    Checking defaults for T1/cmr/m/n on input line 44.
LaTeX Font Info:    ... okay on input line 44.
LaTeX Font Info:    Checking defaults for TS1/cmr/m/n on input line 44.
LaTeX Font Info:    ... okay on input line 44.
LaTeX Font Info:    Checking defaults for OMX/cmex/m/n on input line 44.
LaTeX Font Info:    ... okay on input line 44.
LaTeX Font Info:    Checking defaults for U/cmr/m/n on input line 44.
LaTeX Font Info:    ... okay on input line 44.
LaTeX Font Info:    Checking defaults for OT4/cmr/m/n on input line 44.
LaTeX Font Info:    ... okay on input line 44.
LaTeX Font Info:    Checking defaults for PD1/pdf/m/n on input line 44.
LaTeX Font Info:    ... okay on input line 44.
LaTeX Font Info:    Checking defaults for PU/pdf/m/n on input line 44.
LaTeX Font Info:    ... okay on input line 44.

*geometry* driver: auto-detecting
*geometry* detected driver: pdftex
*geometry* verbose mode - [ preamble ] result:
* driver: pdftex
* paper: legalpaper
* layout: <same size as paper>
* layoutoffset:(h,v)=(0.0pt,0.0pt)
* modes: 
* h-part:(L,W,R)=(56.9055pt, 500.484pt, 56.9055pt)
* v-part:(T,H,B)=(56.9055pt, 897.969pt, 56.9055pt)
* \paperwidth=614.295pt
* \paperheight=1011.78pt
* \textwidth=500.484pt
* \textheight=897.969pt
* \oddsidemargin=-15.36449pt
* \evensidemargin=-15.36449pt
* \topmargin=-52.36449pt
* \headheight=12.0pt
* \headsep=25.0pt
* \topskip=12.0pt
* \footskip=30.0pt
* \marginparwidth=44.0pt
* \marginparsep=10.0pt
* \columnsep=10.0pt
* \skip\footins=10.8pt plus 4.0pt minus 2.0pt
* \hoffset=0.0pt
* \voffset=0.0pt
* \mag=1000
* \@twocolumnfalse
* \@twosidefalse
* \@mparswitchfalse
* \@reversemarginfalse
* (1in=72.27pt=25.4mm, 1cm=28.453pt)

Package hyperref Info: Link coloring OFF on input line 44.
(./Sprawozdanie NEWD sem 26 - Jan DomaĹ„ski, Maciej KurzydĹ‚owski, Jan Machowski.out) (./Sprawozdanie NEWD sem 26 - Jan DomaĹ„ski, Maciej KurzydĹ‚owski, Jan Machowski.out)
\@outlinefile=\write4
\openout4 = `"Sprawozdanie NEWD sem 26 - Jan DomaĹ„ski, Maciej KurzydĹ‚owski, Jan Machowski.out"'.

 (g:/texlive/2024/texmf-dist/tex/context/base/mkii/supp-pdf.mkii
[Loading MPS to PDF converter (version 2006.09.02).]
\scratchcounter=\count312
\scratchdimen=\dimen188
\scratchbox=\box60
\nofMPsegments=\count313
\nofMParguments=\count314
\everyMPshowfont=\toks33
\MPscratchCnt=\count315
\MPscratchDim=\dimen189
\MPnumerator=\count316
\makeMPintoPDFobject=\count317
\everyMPtoPDFconversion=\toks34
) (g:/texlive/2024/texmf-dist/tex/latex/epstopdf-pkg/epstopdf-base.sty
Package: epstopdf-base 2020-01-24 v2.11 Base part for package epstopdf
Package epstopdf-base Info: Redefining graphics rule for `.eps' on input line 485.
 (g:/texlive/2024/texmf-dist/tex/latex/latexconfig/epstopdf-sys.cfg
File: epstopdf-sys.cfg 2010/07/13 v1.3 Configuration of (r)epstopdf for TeX Live
)) (./Sprawozdanie NEWD sem 26 - Jan DomaĹ„ski, Maciej KurzydĹ‚owski, Jan Machowski.toc

[1

{g:/texlive/2024/texmf-var/fonts/map/pdftex/updmap/pdftex.map}{g:/texlive/2024/texmf-dist/fonts/enc/dvips/pl/plrm.enc}])
\tf@toc=\write5
\openout5 = `"Sprawozdanie NEWD sem 26 - Jan DomaĹ„ski, Maciej KurzydĹ‚owski, Jan Machowski.toc"'.



[2]

[3]
LaTeX Font Info:    Trying to load font information for OT4+cmtt on input line 69.
 (g:/texlive/2024/texmf-dist/tex/latex/polski/ot4cmtt.fd
File: ot4cmtt.fd 2008/02/24 v1.2.1 Font defs for fonts PL (MW)
)
Package svg Info: Last page of `./svg-inkscape/1.1_svg-tex.pdf' is 1 on input line 89.
 (./svg-inkscape/1.1_svg-tex.pdf_tex
<./svg-inkscape/1.1_svg-tex.pdf, id=521, page=1, 413.3844pt x 205.72859pt>
File: ./svg-inkscape/1.1_svg-tex.pdf Graphic file (type pdf)
<use ./svg-inkscape/1.1_svg-tex.pdf, page 1>
Package pdftex.def Info: ./svg-inkscape/1.1_svg-tex.pdf , page1 used on input line 56.
(pdftex.def)             Requested size: 500.484pt x 249.07988pt.
)
Package svg Info: Last page of `./svg-inkscape/1.2_svg-tex.pdf' is 1 on input line 101.
 (./svg-inkscape/1.2_svg-tex.pdf_tex
<./svg-inkscape/1.2_svg-tex.pdf, id=523, page=1, 408.08463pt x 203.0787pt>
File: ./svg-inkscape/1.2_svg-tex.pdf Graphic file (type pdf)
<use ./svg-inkscape/1.2_svg-tex.pdf, page 1>
Package pdftex.def Info: ./svg-inkscape/1.2_svg-tex.pdf , page1 used on input line 56.
(pdftex.def)             Requested size: 500.484pt x 249.0726pt.
)

[4{g:/texlive/2024/texmf-dist/fonts/enc/dvips/pl/pltt.enc}{g:/texlive/2024/texmf-dist/fonts/enc/dvips/cm-super/cm-super-ts1.enc} <./svg-inkscape/1.1_svg-tex.pdf>]
Package svg Info: Last page of `./svg-inkscape/1.4_svg-tex.pdf' is 1 on input line 115.
 (./svg-inkscape/1.4_svg-tex.pdf_tex
<./svg-inkscape/1.4_svg-tex.pdf, id=538, page=1, 396.03963pt x 205.24681pt>
File: ./svg-inkscape/1.4_svg-tex.pdf Graphic file (type pdf)
<use ./svg-inkscape/1.4_svg-tex.pdf, page 1>
Package pdftex.def Info: ./svg-inkscape/1.4_svg-tex.pdf , page1 used on input line 56.
(pdftex.def)             Requested size: 500.484pt x 259.37962pt.
)
Package svg Info: Last page of `./svg-inkscape/1.7_svg-tex.pdf' is 1 on input line 126.
 (./svg-inkscape/1.7_svg-tex.pdf_tex
<./svg-inkscape/1.7_svg-tex.pdf, id=540, page=1, 388.81259pt x 201.63329pt>
File: ./svg-inkscape/1.7_svg-tex.pdf Graphic file (type pdf)
<use ./svg-inkscape/1.7_svg-tex.pdf, page 1>
Package pdftex.def Info: ./svg-inkscape/1.7_svg-tex.pdf , page1 used on input line 56.
(pdftex.def)             Requested size: 500.484pt x 259.56343pt.
)

[5 <./svg-inkscape/1.2_svg-tex.pdf> <./svg-inkscape/1.4_svg-tex.pdf

pdfTeX warning: pdflatex.exe (file ./svg-inkscape/1.4_svg-tex.pdf): PDF inclusion: multiple pdfs with page group included in a single page
>]
Package svg Info: Last page of `./svg-inkscape/1.8_svg-tex.pdf' is 1 on input line 136.
 (./svg-inkscape/1.8_svg-tex.pdf_tex
<./svg-inkscape/1.8_svg-tex.pdf, id=559, page=1, 387.36719pt x 200.6697pt>
File: ./svg-inkscape/1.8_svg-tex.pdf Graphic file (type pdf)
<use ./svg-inkscape/1.8_svg-tex.pdf, page 1>
Package pdftex.def Info: ./svg-inkscape/1.8_svg-tex.pdf , page1 used on input line 56.
(pdftex.def)             Requested size: 500.484pt x 259.28139pt.
)
Package svg Info: Last page of `./svg-inkscape/1.6_svg-tex.pdf' is 1 on input line 145.
 (./svg-inkscape/1.6_svg-tex.pdf_tex
<./svg-inkscape/1.6_svg-tex.pdf, id=561, page=1, 373.87682pt x 193.6836pt>
File: ./svg-inkscape/1.6_svg-tex.pdf Graphic file (type pdf)
<use ./svg-inkscape/1.6_svg-tex.pdf, page 1>
Package pdftex.def Info: ./svg-inkscape/1.6_svg-tex.pdf , page1 used on input line 56.
(pdftex.def)             Requested size: 500.484pt x 259.27162pt.
)

[6 <./svg-inkscape/1.7_svg-tex.pdf> <./svg-inkscape/1.8_svg-tex.pdf

pdfTeX warning: pdflatex.exe (file ./svg-inkscape/1.8_svg-tex.pdf): PDF inclusion: multiple pdfs with page group included in a single page
>]
Package svg Info: Last page of `./svg-inkscape/1.3_svg-tex.pdf' is 1 on input line 159.
 (./svg-inkscape/1.3_svg-tex.pdf_tex
<./svg-inkscape/1.3_svg-tex.pdf, id=580, page=1, 405.6756pt x 201.8742pt>
File: ./svg-inkscape/1.3_svg-tex.pdf Graphic file (type pdf)
<use ./svg-inkscape/1.3_svg-tex.pdf, page 1>
Package pdftex.def Info: ./svg-inkscape/1.3_svg-tex.pdf , page1 used on input line 56.
(pdftex.def)             Requested size: 500.484pt x 249.06155pt.
)
Package svg Info: Last page of `./svg-inkscape/1.5_svg-tex.pdf' is 1 on input line 169.
 (./svg-inkscape/1.5_svg-tex.pdf_tex
<./svg-inkscape/1.5_svg-tex.pdf, id=582, page=1, 398.44862pt x 206.4513pt>
File: ./svg-inkscape/1.5_svg-tex.pdf Graphic file (type pdf)
<use ./svg-inkscape/1.5_svg-tex.pdf, page 1>
Package pdftex.def Info: ./svg-inkscape/1.5_svg-tex.pdf , page1 used on input line 56.
(pdftex.def)             Requested size: 500.484pt x 259.32353pt.
)

[7 <./svg-inkscape/1.6_svg-tex.pdf> <./svg-inkscape/1.3_svg-tex.pdf

pdfTeX warning: pdflatex.exe (file ./svg-inkscape/1.3_svg-tex.pdf): PDF inclusion: multiple pdfs with page group included in a single page
>]
Package svg Info: Last page of `./svg-inkscape/1.10_svg-tex.pdf' is 1 on input line 179.
 (./svg-inkscape/1.10_svg-tex.pdf_tex
<./svg-inkscape/1.10_svg-tex.pdf, id=603, page=1, 384.47641pt x 199.2243pt>
File: ./svg-inkscape/1.10_svg-tex.pdf Graphic file (type pdf)
<use ./svg-inkscape/1.10_svg-tex.pdf, page 1>
Package pdftex.def Info: ./svg-inkscape/1.10_svg-tex.pdf , page1 used on input line 56.
(pdftex.def)             Requested size: 500.484pt x 259.3381pt.
)

[8 <./svg-inkscape/1.5_svg-tex.pdf> <./svg-inkscape/1.10_svg-tex.pdf

pdfTeX warning: pdflatex.exe (file ./svg-inkscape/1.10_svg-tex.pdf): PDF inclusion: multiple pdfs with page group included in a single page
>]

[9]
Overfull \hbox (0.84984pt too wide) in paragraph at lines 198--198
[]\OT4/cmr/bx/n/17.28 Noclegi i miej-sca do spa-nia dla tu-ry-stów w Eu-ro-pie (MA-
 []


Overfull \hbox (49.09128pt too wide) in paragraph at lines 204--206
[]$\OT4/cmtt/m/n/12 https : / / ec . europa . eu / eurostat / databrowser / view / tour _ cap _ nuts2dc _ _custom _ 12660565 / default /
 []


Overfull \hbox (8.75224pt too wide) in paragraph at lines 211--212
[]\OT4/cmr/m/n/12 Granulacja da-nych wy-st¦-puje wzgl¦-dem pa«stw, wo-je-wództw (NUTS2), miast/przedmie±˘/wsi,
 []

Package svg Info: Last page of `./svg-inkscape/2.1_svg-tex.pdf' is 1 on input line 224.
(./svg-inkscape/2.1_svg-tex.pdf_tex
<./svg-inkscape/2.1_svg-tex.pdf, id=631, page=1, 400.37581pt x 207.4149pt>
File: ./svg-inkscape/2.1_svg-tex.pdf Graphic file (type pdf)
<use ./svg-inkscape/2.1_svg-tex.pdf, page 1>
Package pdftex.def Info: ./svg-inkscape/2.1_svg-tex.pdf , page1 used on input line 56.
(pdftex.def)             Requested size: 500.484pt x 259.29329pt.
)
Package svg Info: Last page of `./svg-inkscape/2.2_svg-tex.pdf' is 1 on input line 235.
 (./svg-inkscape/2.2_svg-tex.pdf_tex
<./svg-inkscape/2.2_svg-tex.pdf, id=633, page=1, 379.1766pt x 196.3335pt>
File: ./svg-inkscape/2.2_svg-tex.pdf Graphic file (type pdf)
<use ./svg-inkscape/2.2_svg-tex.pdf, page 1>
Package pdftex.def Info: ./svg-inkscape/2.2_svg-tex.pdf , page1 used on input line 56.
(pdftex.def)             Requested size: 500.484pt x 259.158pt.
)

[10 <./svg-inkscape/2.1_svg-tex.pdf>]
Package svg Info: Last page of `./svg-inkscape/2.7_svg-tex.pdf' is 1 on input line 248.
 (./svg-inkscape/2.7_svg-tex.pdf_tex
<./svg-inkscape/2.7_svg-tex.pdf, id=649, page=1, 398.93037pt x 206.6922pt>
File: ./svg-inkscape/2.7_svg-tex.pdf Graphic file (type pdf)
<use ./svg-inkscape/2.7_svg-tex.pdf, page 1>
Package pdftex.def Info: ./svg-inkscape/2.7_svg-tex.pdf , page1 used on input line 56.
(pdftex.def)             Requested size: 500.484pt x 259.32336pt.
)

[11 <./svg-inkscape/2.2_svg-tex.pdf> <./svg-inkscape/2.7_svg-tex.pdf

pdfTeX warning: pdflatex.exe (file ./svg-inkscape/2.7_svg-tex.pdf): PDF inclusion: multiple pdfs with page group included in a single page
>]
Package svg Info: Last page of `./svg-inkscape/2.3_svg-tex.pdf' is 1 on input line 265.
 (./svg-inkscape/2.3_svg-tex.pdf_tex
<./svg-inkscape/2.3_svg-tex.pdf, id=668, page=1, 415.0707pt x 214.8828pt>
File: ./svg-inkscape/2.3_svg-tex.pdf Graphic file (type pdf)
<use ./svg-inkscape/2.3_svg-tex.pdf, page 1>
Package pdftex.def Info: ./svg-inkscape/2.3_svg-tex.pdf , page1 used on input line 56.
(pdftex.def)             Requested size: 500.484pt x 259.10402pt.
)
Package svg Info: Last page of `./svg-inkscape/2.11_svg-tex.pdf' is 1 on input line 273.
 (./svg-inkscape/2.11_svg-tex.pdf_tex
<./svg-inkscape/2.11_svg-tex.pdf, id=670, page=1, 481.8pt x 249.8133pt>
File: ./svg-inkscape/2.11_svg-tex.pdf Graphic file (type pdf)
<use ./svg-inkscape/2.11_svg-tex.pdf, page 1>
Package pdftex.def Info: ./svg-inkscape/2.11_svg-tex.pdf , page1 used on input line 56.
(pdftex.def)             Requested size: 500.484pt x 259.50998pt.
)

[12 <./svg-inkscape/2.3_svg-tex.pdf> <./svg-inkscape/2.11_svg-tex.pdf

pdfTeX warning: pdflatex.exe (file ./svg-inkscape/2.11_svg-tex.pdf): PDF inclusion: multiple pdfs with page group included in a single page
>]
Package svg Info: Last page of `./svg-inkscape/2.4_svg-tex.pdf' is 1 on input line 283.
 (./svg-inkscape/2.4_svg-tex.pdf_tex
<./svg-inkscape/2.4_svg-tex.pdf, id=691, page=1, 367.1316pt x 190.311pt>
File: ./svg-inkscape/2.4_svg-tex.pdf Graphic file (type pdf)
<use ./svg-inkscape/2.4_svg-tex.pdf, page 1>
Package pdftex.def Info: ./svg-inkscape/2.4_svg-tex.pdf , page1 used on input line 56.
(pdftex.def)             Requested size: 500.484pt x 259.44095pt.
)
Package svg Info: Last page of `./svg-inkscape/2.5_svg-tex.pdf' is 1 on input line 294.
 (./svg-inkscape/2.5_svg-tex.pdf_tex
<./svg-inkscape/2.5_svg-tex.pdf, id=693, page=1, 395.55782pt x 205.0059pt>
File: ./svg-inkscape/2.5_svg-tex.pdf Graphic file (type pdf)
<use ./svg-inkscape/2.5_svg-tex.pdf, page 1>
Package pdftex.def Info: ./svg-inkscape/2.5_svg-tex.pdf , page1 used on input line 56.
(pdftex.def)             Requested size: 500.484pt x 259.4005pt.
)

[13 <./svg-inkscape/2.4_svg-tex.pdf> <./svg-inkscape/2.5_svg-tex.pdf

pdfTeX warning: pdflatex.exe (file ./svg-inkscape/2.5_svg-tex.pdf): PDF inclusion: multiple pdfs with page group included in a single page
>]
Package svg Info: Last page of `./svg-inkscape/2.6_svg-tex.pdf' is 1 on input line 305.
 (./svg-inkscape/2.6_svg-tex.pdf_tex
<./svg-inkscape/2.6_svg-tex.pdf, id=713, page=1, 397.00319pt x 205.72859pt>
File: ./svg-inkscape/2.6_svg-tex.pdf Graphic file (type pdf)
<use ./svg-inkscape/2.6_svg-tex.pdf, page 1>
Package pdftex.def Info: ./svg-inkscape/2.6_svg-tex.pdf , page1 used on input line 56.
(pdftex.def)             Requested size: 500.484pt x 259.35121pt.
)
Package svg Info: Last page of `./svg-inkscape/2.nuts2_svg-tex.pdf' is 1 on input line 322.
 (./svg-inkscape/2.nuts2_svg-tex.pdf_tex
<./svg-inkscape/2.nuts2_svg-tex.pdf, id=715, page=1, 135.1449pt x 126.4725pt>
File: ./svg-inkscape/2.nuts2_svg-tex.pdf Graphic file (type pdf)
<use ./svg-inkscape/2.nuts2_svg-tex.pdf, page 1>
Package pdftex.def Info: ./svg-inkscape/2.nuts2_svg-tex.pdf , page1 used on input line 56.
(pdftex.def)             Requested size: 500.484pt x 468.43492pt.
)

[14{g:/texlive/2024/texmf-dist/fonts/enc/dvips/pl/plit.enc} <./svg-inkscape/2.6_svg-tex.pdf>]
Package svg Info: Last page of `./svg-inkscape/2.8_svg-tex.pdf' is 1 on input line 329.
 (./svg-inkscape/2.8_svg-tex.pdf_tex
<./svg-inkscape/2.8_svg-tex.pdf, id=729, page=1, 360.1455pt x 186.6975pt>
File: ./svg-inkscape/2.8_svg-tex.pdf Graphic file (type pdf)
<use ./svg-inkscape/2.8_svg-tex.pdf, page 1>
Package pdftex.def Info: ./svg-inkscape/2.8_svg-tex.pdf , page1 used on input line 56.
(pdftex.def)             Requested size: 500.484pt x 259.46033pt.
)

[15 <./svg-inkscape/2.nuts2_svg-tex.pdf> <./svg-inkscape/2.8_svg-tex.pdf

pdfTeX warning: pdflatex.exe (file ./svg-inkscape/2.8_svg-tex.pdf): PDF inclusion: multiple pdfs with page group included in a single page
>]
Package svg Info: Last page of `./svg-inkscape/2.9_svg-tex.pdf' is 1 on input line 341.
 (./svg-inkscape/2.9_svg-tex.pdf_tex
<./svg-inkscape/2.9_svg-tex.pdf, id=746, page=1, 445.665pt x 230.7822pt>
File: ./svg-inkscape/2.9_svg-tex.pdf Graphic file (type pdf)
<use ./svg-inkscape/2.9_svg-tex.pdf, page 1>
Package pdftex.def Info: ./svg-inkscape/2.9_svg-tex.pdf , page1 used on input line 56.
(pdftex.def)             Requested size: 500.484pt x 259.17154pt.
)
Package svg Info: Last page of `./svg-inkscape/2.10_svg-tex.pdf' is 1 on input line 350.
 (./svg-inkscape/2.10_svg-tex.pdf_tex
<./svg-inkscape/2.10_svg-tex.pdf, id=748, page=1, 428.3202pt x 221.86891pt>
File: ./svg-inkscape/2.10_svg-tex.pdf Graphic file (type pdf)
<use ./svg-inkscape/2.10_svg-tex.pdf, page 1>
Package pdftex.def Info: ./svg-inkscape/2.10_svg-tex.pdf , page1 used on input line 56.
(pdftex.def)             Requested size: 500.484pt x 259.25041pt.
)

[16 <./svg-inkscape/2.9_svg-tex.pdf> <./svg-inkscape/2.10_svg-tex.pdf

pdfTeX warning: pdflatex.exe (file ./svg-inkscape/2.10_svg-tex.pdf): PDF inclusion: multiple pdfs with page group included in a single page
>]

[17]
Package svg Info: Last page of `./svg-inkscape/3.1_svg-tex.pdf' is 1 on input line 396.
 (./svg-inkscape/3.1_svg-tex.pdf_tex
<./svg-inkscape/3.1_svg-tex.pdf, id=778, page=1, 416.75699pt x 216.0873pt>
File: ./svg-inkscape/3.1_svg-tex.pdf Graphic file (type pdf)
<use ./svg-inkscape/3.1_svg-tex.pdf, page 1>
Package pdftex.def Info: ./svg-inkscape/3.1_svg-tex.pdf , page1 used on input line 56.
(pdftex.def)             Requested size: 500.484pt x 259.50128pt.
)

[18 <./svg-inkscape/3.1_svg-tex.pdf>]
Package svg Info: Last page of `./svg-inkscape/3.2_svg-tex.pdf' is 1 on input line 407.
 (./svg-inkscape/3.2_svg-tex.pdf_tex
<./svg-inkscape/3.2_svg-tex.pdf, id=792, page=1, 410.97537pt x 212.9556pt>
File: ./svg-inkscape/3.2_svg-tex.pdf Graphic file (type pdf)
<use ./svg-inkscape/3.2_svg-tex.pdf, page 1>
Package pdftex.def Info: ./svg-inkscape/3.2_svg-tex.pdf , page1 used on input line 56.
(pdftex.def)             Requested size: 500.484pt x 259.33751pt.
)
Package svg Info: Last page of `./svg-inkscape/3.3_svg-tex.pdf' is 1 on input line 416.
 (./svg-inkscape/3.3_svg-tex.pdf_tex
<./svg-inkscape/3.3_svg-tex.pdf, id=794, page=1, 419.166pt x 217.29181pt>
File: ./svg-inkscape/3.3_svg-tex.pdf Graphic file (type pdf)
<use ./svg-inkscape/3.3_svg-tex.pdf, page 1>
Package pdftex.def Info: ./svg-inkscape/3.3_svg-tex.pdf , page1 used on input line 56.
(pdftex.def)             Requested size: 500.484pt x 259.44913pt.
)

[19 <./svg-inkscape/3.2_svg-tex.pdf> <./svg-inkscape/3.3_svg-tex.pdf

pdfTeX warning: pdflatex.exe (file ./svg-inkscape/3.3_svg-tex.pdf): PDF inclusion: multiple pdfs with page group included in a single page
>]
Package svg Info: Last page of `./svg-inkscape/3.4_svg-tex.pdf' is 1 on input line 431.
 (./svg-inkscape/3.4_svg-tex.pdf_tex
<./svg-inkscape/3.4_svg-tex.pdf, id=814, page=1, 409.04819pt x 212.2329pt>
File: ./svg-inkscape/3.4_svg-tex.pdf Graphic file (type pdf)
<use ./svg-inkscape/3.4_svg-tex.pdf, page 1>
Package pdftex.def Info: ./svg-inkscape/3.4_svg-tex.pdf , page1 used on input line 56.
(pdftex.def)             Requested size: 500.484pt x 259.68152pt.
)
Package svg Info: Last page of `./svg-inkscape/3.5_svg-tex.pdf' is 1 on input line 445.
 (./svg-inkscape/3.5_svg-tex.pdf_tex
<./svg-inkscape/3.5_svg-tex.pdf, id=816, page=1, 421.575pt x 209.82391pt>
File: ./svg-inkscape/3.5_svg-tex.pdf Graphic file (type pdf)
<use ./svg-inkscape/3.5_svg-tex.pdf, page 1>
Package pdftex.def Info: ./svg-inkscape/3.5_svg-tex.pdf , page1 used on input line 56.
(pdftex.def)             Requested size: 500.484pt x 249.10445pt.
)

[20 <./svg-inkscape/3.4_svg-tex.pdf>]
Package svg Info: Last page of `./svg-inkscape/3.6_svg-tex.pdf' is 1 on input line 454.
 (./svg-inkscape/3.6_svg-tex.pdf_tex
<./svg-inkscape/3.6_svg-tex.pdf, id=829, page=1, 403.74838pt x 200.9106pt>
File: ./svg-inkscape/3.6_svg-tex.pdf Graphic file (type pdf)
<use ./svg-inkscape/3.6_svg-tex.pdf, page 1>
Package pdftex.def Info: ./svg-inkscape/3.6_svg-tex.pdf , page1 used on input line 56.
(pdftex.def)             Requested size: 500.484pt x 249.06216pt.
)
Package svg Info: Last page of `./svg-inkscape/3.7_svg-tex.pdf' is 1 on input line 463.
 (./svg-inkscape/3.7_svg-tex.pdf_tex
<./svg-inkscape/3.7_svg-tex.pdf, id=831, page=1, 397.00319pt x 197.538pt>
File: ./svg-inkscape/3.7_svg-tex.pdf Graphic file (type pdf)
<use ./svg-inkscape/3.7_svg-tex.pdf, page 1>
Package pdftex.def Info: ./svg-inkscape/3.7_svg-tex.pdf , page1 used on input line 56.
(pdftex.def)             Requested size: 500.484pt x 249.02577pt.
)

[21 <./svg-inkscape/3.5_svg-tex.pdf> <./svg-inkscape/3.6_svg-tex.pdf

pdfTeX warning: pdflatex.exe (file ./svg-inkscape/3.6_svg-tex.pdf): PDF inclusion: multiple pdfs with page group included in a single page
>]
Package svg Info: Last page of `./svg-inkscape/3.8_svg-tex.pdf' is 1 on input line 474.
 (./svg-inkscape/3.8_svg-tex.pdf_tex
<./svg-inkscape/3.8_svg-tex.pdf, id=850, page=1, 426.8748pt x 212.2329pt>
File: ./svg-inkscape/3.8_svg-tex.pdf Graphic file (type pdf)
<use ./svg-inkscape/3.8_svg-tex.pdf, page 1>
Package pdftex.def Info: ./svg-inkscape/3.8_svg-tex.pdf , page1 used on input line 56.
(pdftex.def)             Requested size: 500.484pt x 248.84581pt.
)

[22 <./svg-inkscape/3.7_svg-tex.pdf> <./svg-inkscape/3.8_svg-tex.pdf

pdfTeX warning: pdflatex.exe (file ./svg-inkscape/3.8_svg-tex.pdf): PDF inclusion: multiple pdfs with page group included in a single page
>]
Package svg Info: Last page of `./svg-inkscape/3.9_svg-tex.pdf' is 1 on input line 487.
 (./svg-inkscape/3.9_svg-tex.pdf_tex
<./svg-inkscape/3.9_svg-tex.pdf, id=869, page=1, 406.63919pt x 202.35599pt>
File: ./svg-inkscape/3.9_svg-tex.pdf Graphic file (type pdf)
<use ./svg-inkscape/3.9_svg-tex.pdf, page 1>
Package pdftex.def Info: ./svg-inkscape/3.9_svg-tex.pdf , page1 used on input line 56.
(pdftex.def)             Requested size: 500.484pt x 249.06311pt.
)
Package svg Info: Last page of `./svg-inkscape/3.10_svg-tex.pdf' is 1 on input line 503.
 (./svg-inkscape/3.10_svg-tex.pdf_tex
<./svg-inkscape/3.10_svg-tex.pdf, id=871, page=1, 412.4208pt x 205.0059pt>
File: ./svg-inkscape/3.10_svg-tex.pdf Graphic file (type pdf)
<use ./svg-inkscape/3.10_svg-tex.pdf, page 1>
Package pdftex.def Info: ./svg-inkscape/3.10_svg-tex.pdf , page1 used on input line 56.
(pdftex.def)             Requested size: 500.484pt x 248.78674pt.
)

[23 <./svg-inkscape/3.9_svg-tex.pdf>]
Package svg Info: Last page of `./svg-inkscape/3.11_svg-tex.pdf' is 1 on input line 514.
 (./svg-inkscape/3.11_svg-tex.pdf_tex
<./svg-inkscape/3.11_svg-tex.pdf, id=884, page=1, 383.031pt x 190.5519pt>
File: ./svg-inkscape/3.11_svg-tex.pdf Graphic file (type pdf)
<use ./svg-inkscape/3.11_svg-tex.pdf, page 1>
Package pdftex.def Info: ./svg-inkscape/3.11_svg-tex.pdf , page1 used on input line 56.
(pdftex.def)             Requested size: 500.484pt x 248.99965pt.
)
Package svg Info: Last page of `./svg-inkscape/3.12_svg-tex.pdf' is 1 on input line 524.
 (./svg-inkscape/3.12_svg-tex.pdf_tex
<./svg-inkscape/3.12_svg-tex.pdf, id=886, page=1, 419.64781pt x 217.29181pt>
File: ./svg-inkscape/3.12_svg-tex.pdf Graphic file (type pdf)
<use ./svg-inkscape/3.12_svg-tex.pdf, page 1>
Package pdftex.def Info: ./svg-inkscape/3.12_svg-tex.pdf , page1 used on input line 56.
(pdftex.def)             Requested size: 500.484pt x 259.16068pt.
)

[24 <./svg-inkscape/3.10_svg-tex.pdf> <./svg-inkscape/3.11_svg-tex.pdf

pdfTeX warning: pdflatex.exe (file ./svg-inkscape/3.11_svg-tex.pdf): PDF inclusion: multiple pdfs with page group included in a single page
>]
Package svg Info: Last page of `./svg-inkscape/3.13_svg-tex.pdf' is 1 on input line 537.
 (./svg-inkscape/3.13_svg-tex.pdf_tex
<./svg-inkscape/3.13_svg-tex.pdf, id=905, page=1, 415.5525pt x 206.6922pt>
File: ./svg-inkscape/3.13_svg-tex.pdf Graphic file (type pdf)
<use ./svg-inkscape/3.13_svg-tex.pdf, page 1>
Package pdftex.def Info: ./svg-inkscape/3.13_svg-tex.pdf , page1 used on input line 56.
(pdftex.def)             Requested size: 500.484pt x 248.94716pt.
)

[25 <./svg-inkscape/3.12_svg-tex.pdf> <./svg-inkscape/3.13_svg-tex.pdf

pdfTeX warning: pdflatex.exe (file ./svg-inkscape/3.13_svg-tex.pdf): PDF inclusion: multiple pdfs with page group included in a single page
>]
Package svg Info: Last page of `./svg-inkscape/3.14_svg-tex.pdf' is 1 on input line 552.
 (./svg-inkscape/3.14_svg-tex.pdf_tex
<./svg-inkscape/3.14_svg-tex.pdf, id=925, page=1, 425.4294pt x 211.51021pt>
File: ./svg-inkscape/3.14_svg-tex.pdf Graphic file (type pdf)
<use ./svg-inkscape/3.14_svg-tex.pdf, page 1>
Package pdftex.def Info: ./svg-inkscape/3.14_svg-tex.pdf , page1 used on input line 56.
(pdftex.def)             Requested size: 500.484pt x 248.83755pt.
)
Package svg Info: Last page of `./svg-inkscape/3.15_svg-tex.pdf' is 1 on input line 565.
 (./svg-inkscape/3.15_svg-tex.pdf_tex
<./svg-inkscape/3.15_svg-tex.pdf, id=927, page=1, 398.93037pt x 198.2607pt>
File: ./svg-inkscape/3.15_svg-tex.pdf Graphic file (type pdf)
<use ./svg-inkscape/3.15_svg-tex.pdf, page 1>
Package pdftex.def Info: ./svg-inkscape/3.15_svg-tex.pdf , page1 used on input line 56.
(pdftex.def)             Requested size: 500.484pt x 248.74492pt.
)

[26 <./svg-inkscape/3.14_svg-tex.pdf>]

[27 <./svg-inkscape/3.15_svg-tex.pdf>]
Overfull \hbox (12.04126pt too wide) in paragraph at lines 596--598
[]$\OT4/cmtt/m/n/12 https : / / ec . europa . eu / eurostat / databrowser / view / gov _ 10q _ ggdebt / default / table ? lang = en$[] 
 []


Overfull \hbox (87.99533pt too wide) in paragraph at lines 604--605
[]\OT4/cmr/m/n/12 Zbiór ana-li-zo-wany w pre-zen-ta-cji po-cho-dzi z Eu-ro-statu i ma ozna-cze-nie \OT4/cmr/bx/n/12 gov[]10q[]ggdebt[][]custom[]20309646\OT4/cmr/m/n/12 ; 
 []

<phts/4/png/4.1.png, id=957, 457.71pt x 355.3275pt>
File: phts/4/png/4.1.png Graphic file (type png)
<use phts/4/png/4.1.png>
Package pdftex.def Info: phts/4/png/4.1.png  used on input line 618.
(pdftex.def)             Requested size: 500.484pt x 388.55173pt.


[28]
<phts/4/png/4.2.png, id=963, 610.28pt x 443.6575pt>
File: phts/4/png/4.2.png Graphic file (type png)
<use phts/4/png/4.2.png>
Package pdftex.def Info: phts/4/png/4.2.png  used on input line 632.
(pdftex.def)             Requested size: 500.484pt x 363.85565pt.


[29 <./phts/4/png/4.1.png>]
<phts/4/png/4.3.png, id=970, 596.2275pt x 493.845pt>
File: phts/4/png/4.3.png Graphic file (type png)
<use phts/4/png/4.3.png>
Package pdftex.def Info: phts/4/png/4.3.png  used on input line 646.
(pdftex.def)             Requested size: 500.484pt x 414.54062pt.


[30 <./phts/4/png/4.2.png>]
<phts/4/png/4.4.png, id=977, 576.1525pt x 447.6725pt>
File: phts/4/png/4.4.png Graphic file (type png)
<use phts/4/png/4.4.png>
Package pdftex.def Info: phts/4/png/4.4.png  used on input line 661.
(pdftex.def)             Requested size: 500.484pt x 388.8913pt.


[31 <./phts/4/png/4.3.png>]
<phts/4/png/4.5.png, id=985, 543.02875pt x 424.58624pt>
File: phts/4/png/4.5.png Graphic file (type png)
<use phts/4/png/4.5.png>
Package pdftex.def Info: phts/4/png/4.5.png  used on input line 675.
(pdftex.def)             Requested size: 500.484pt x 391.33673pt.


[32 <./phts/4/png/4.4.png>]
<phts/4/png/4.6.png, id=992, 489.83pt x 382.42876pt>
File: phts/4/png/4.6.png Graphic file (type png)
<use phts/4/png/4.6.png>
Package pdftex.def Info: phts/4/png/4.6.png  used on input line 689.
(pdftex.def)             Requested size: 500.484pt x 390.7549pt.


[33 <./phts/4/png/4.5.png>]
<phts/4/png/4.7.png, id=999, 548.0475pt x 406.51875pt>
File: phts/4/png/4.7.png Graphic file (type png)
<use phts/4/png/4.7.png>
Package pdftex.def Info: phts/4/png/4.7.png  used on input line 703.
(pdftex.def)             Requested size: 500.484pt x 371.24767pt.


[34 <./phts/4/png/4.6.png>]
<phts/4/png/4.8.png, id=1006, 551.05875pt x 406.51875pt>
File: phts/4/png/4.8.png Graphic file (type png)
<use phts/4/png/4.8.png>
Package pdftex.def Info: phts/4/png/4.8.png  used on input line 717.
(pdftex.def)             Requested size: 500.484pt x 369.2255pt.


[35 <./phts/4/png/4.7.png>]
Overfull \hbox (13.37292pt too wide) in paragraph at lines 721--723
\OT4/cmr/m/n/12 Na po-trzeby ana-lizy kraje zo-staŞy po-dzie-lone na trzy orien-ta-cyjne grupy: Eu-rop¦ PóŞnocno-Zachodniˇ,
 []


Overfull \hbox (16.79398pt too wide) in paragraph at lines 724--727
[]\OT4/cmr/m/n/12 Najwi¦kszy wzrost ±red-niego in-deksu wi-doczny jest w gru-pie pa«stw Eu-ropy ‘rodkowo-Wschodniej.
 []



[36 <./phts/4/png/4.8.png>]
<phts/5/png/5.1.png, id=1028, 901.3675pt x 519.9425pt>
File: phts/5/png/5.1.png Graphic file (type png)
<use phts/5/png/5.1.png>
Package pdftex.def Info: phts/5/png/5.1.png  used on input line 770.
(pdftex.def)             Requested size: 500.484pt x 288.69844pt.


[37 <./phts/5/png/5.1.png>]
<phts/5/png/5.2.png, id=1036, 853.1875pt x 511.9125pt>
File: phts/5/png/5.2.png Graphic file (type png)
<use phts/5/png/5.2.png>
Package pdftex.def Info: phts/5/png/5.2.png  used on input line 784.
(pdftex.def)             Requested size: 500.484pt x 300.2995pt.
<phts/5/png/5.3.png, id=1037, 899.36pt x 519.9425pt>
File: phts/5/png/5.3.png Graphic file (type png)
<use phts/5/png/5.3.png>
Package pdftex.def Info: phts/5/png/5.3.png  used on input line 799.
(pdftex.def)             Requested size: 500.484pt x 289.34106pt.


[38 <./phts/5/png/5.2.png>]
<phts/5/png/5.4.png, id=1044, 897.3525pt x 517.935pt>
File: phts/5/png/5.4.png Graphic file (type png)
<use phts/5/png/5.4.png>
Package pdftex.def Info: phts/5/png/5.4.png  used on input line 813.
(pdftex.def)             Requested size: 500.484pt x 288.87196pt.


[39 <./phts/5/png/5.3.png> <./phts/5/png/5.4.png>]
<phts/5/png/5.5.png, id=1053, 867.24pt x 499.8675pt>
File: phts/5/png/5.5.png Graphic file (type png)
<use phts/5/png/5.5.png>
Package pdftex.def Info: phts/5/png/5.5.png  used on input line 827.
(pdftex.def)             Requested size: 500.484pt x 288.47415pt.
<phts/5/png/5.6.png, id=1054, 883.3pt x 511.9125pt>
File: phts/5/png/5.6.png Graphic file (type png)
<use phts/5/png/5.6.png>
Package pdftex.def Info: phts/5/png/5.6.png  used on input line 841.
(pdftex.def)             Requested size: 500.484pt x 290.05127pt.


[40 <./phts/5/png/5.5.png>]
<phts/5/png/5.7.png, id=1062, 893.3375pt x 511.9125pt>
File: phts/5/png/5.7.png Graphic file (type png)
<use phts/5/png/5.7.png>
Package pdftex.def Info: phts/5/png/5.7.png  used on input line 855.
(pdftex.def)             Requested size: 500.484pt x 286.79402pt.


[41 <./phts/5/png/5.6.png> <./phts/5/png/5.7.png>]
<phts/5/png/5.8.png, id=1071, 857.2025pt x 493.845pt>
File: phts/5/png/5.8.png Graphic file (type png)
<use phts/5/png/5.8.png>
Package pdftex.def Info: phts/5/png/5.8.png  used on input line 869.
(pdftex.def)             Requested size: 500.484pt x 288.33676pt.
<phts/5/png/5.9.png, id=1072, 889.3225pt x 519.9425pt>
File: phts/5/png/5.9.png Graphic file (type png)
<use phts/5/png/5.9.png>
Package pdftex.def Info: phts/5/png/5.9.png  used on input line 883.
(pdftex.def)             Requested size: 500.484pt x 292.60974pt.


[42 <./phts/5/png/5.8.png> <./phts/5/png/5.9.png>]
<phts/5/png/5.10.png, id=1081, 834.11626pt x 526.96875pt>
File: phts/5/png/5.10.png Graphic file (type png)
<use phts/5/png/5.10.png>
Package pdftex.def Info: phts/5/png/5.10.png  used on input line 898.
(pdftex.def)             Requested size: 500.484pt x 316.19173pt.
<phts/5/png/5.11.png, id=1082, 843.15pt x 483.8075pt>
File: phts/5/png/5.11.png Graphic file (type png)
<use phts/5/png/5.11.png>
Package pdftex.def Info: phts/5/png/5.11.png  used on input line 913.
(pdftex.def)             Requested size: 500.484pt x 287.18617pt.


[43 <./phts/5/png/5.10.png>]

[44 <./phts/5/png/5.11.png>]
<phts/6/png/6.1.png, id=1105, 803.25093pt x 511.9125pt>
File: phts/6/png/6.1.png Graphic file (type png)
<use phts/6/png/6.1.png>
Package pdftex.def Info: phts/6/png/6.1.png  used on input line 958.
(pdftex.def)             Requested size: 500.484pt x 318.96814pt.
<phts/6/png/6.2.png, id=1106, 761.09344pt x 503.63156pt>
File: phts/6/png/6.2.png Graphic file (type png)
<use phts/6/png/6.2.png>
Package pdftex.def Info: phts/6/png/6.2.png  used on input line 963.
(pdftex.def)             Requested size: 500.484pt x 331.19135pt.


[45 <./phts/6/png/6.1.png>]
<phts/6/png/6.3.png, id=1114, 731.73375pt x 511.15968pt>
File: phts/6/png/6.3.png Graphic file (type png)
<use phts/6/png/6.3.png>
Package pdftex.def Info: phts/6/png/6.3.png  used on input line 974.
(pdftex.def)             Requested size: 500.484pt x 349.61969pt.
<phts/6/png/6.4.png, id=1115, 840.89156pt x 508.90125pt>
File: phts/6/png/6.4.png Graphic file (type png)
<use phts/6/png/6.4.png>
Package pdftex.def Info: phts/6/png/6.4.png  used on input line 979.
(pdftex.def)             Requested size: 500.484pt x 302.8893pt.


[46 <./phts/6/png/6.2.png> <./phts/6/png/6.3.png>]
<phts/6/png/6.5.png, id=1124, 542.025pt x 349.305pt>
File: phts/6/png/6.5.png Graphic file (type png)
<use phts/6/png/6.5.png>
Package pdftex.def Info: phts/6/png/6.5.png  used on input line 992.
(pdftex.def)             Requested size: 500.484pt x 322.54774pt.
<phts/6/png/6.6.png, id=1125, 498.36188pt x 339.51843pt>
File: phts/6/png/6.6.png Graphic file (type png)
<use phts/6/png/6.6.png>
Package pdftex.def Info: phts/6/png/6.6.png  used on input line 997.
(pdftex.def)             Requested size: 500.484pt x 340.97334pt.


[47 <./phts/6/png/6.4.png> <./phts/6/png/6.5.png>]
<phts/6/png/6.7.png, id=1134, 789.70032pt x 697.8572pt>
File: phts/6/png/6.7.png Graphic file (type png)
<use phts/6/png/6.7.png>
Package pdftex.def Info: phts/6/png/6.7.png  used on input line 1008.
(pdftex.def)             Requested size: 500.484pt x 442.28252pt.


[48 <./phts/6/png/6.6.png>]
<phts/6/png/6.8.png, id=1141, 793.46437pt x 706.89093pt>
File: phts/6/png/6.8.png Graphic file (type png)
<use phts/6/png/6.8.png>
Package pdftex.def Info: phts/6/png/6.8.png  used on input line 1016.
(pdftex.def)             Requested size: 500.484pt x 445.88295pt.


[49 <./phts/6/png/6.7.png>]

[50 <./phts/6/png/6.8.png>]
<phts/6/png/6.9.png, id=1155, 995.97093pt x 552.56438pt>
File: phts/6/png/6.9.png Graphic file (type png)
<use phts/6/png/6.9.png>
Package pdftex.def Info: phts/6/png/6.9.png  used on input line 1028.
(pdftex.def)             Requested size: 500.484pt x 277.67268pt.


[51 <./phts/6/png/6.9.png>]
<phts/7/png/7.1.png, id=1169, 867.24pt x 505.89pt>
File: phts/7/png/7.1.png Graphic file (type png)
<use phts/7/png/7.1.png>
Package pdftex.def Info: phts/7/png/7.1.png  used on input line 1082.
(pdftex.def)             Requested size: 360.34782pt x 210.20288pt.


[52 <./phts/7/png/7.1.png>]
<phts/7/png/7.2.png, id=1175, 794.97pt x 505.89pt>
File: phts/7/png/7.2.png Graphic file (type png)
<use phts/7/png/7.2.png>
Package pdftex.def Info: phts/7/png/7.2.png  used on input line 1084.
(pdftex.def)             Requested size: 338.67657pt x 215.52144pt.
<phts/7/png/7.3.png, id=1176, 867.24pt x 505.89pt>
File: phts/7/png/7.3.png Graphic file (type png)
<use phts/7/png/7.3.png>
Package pdftex.def Info: phts/7/png/7.3.png  used on input line 1086.
(pdftex.def)             Requested size: 360.34782pt x 210.20288pt.
<phts/7/png/7.4.png, id=1177, 794.97pt x 505.89pt>
File: phts/7/png/7.4.png Graphic file (type png)
<use phts/7/png/7.4.png>
Package pdftex.def Info: phts/7/png/7.4.png  used on input line 1088.
(pdftex.def)             Requested size: 338.67657pt x 215.52144pt.


[53 <./phts/7/png/7.2.png> <./phts/7/png/7.3.png>]
<phts/7/png/7.5.png, id=1184, 794.97pt x 505.89pt>
File: phts/7/png/7.5.png Graphic file (type png)
<use phts/7/png/7.5.png>
Package pdftex.def Info: phts/7/png/7.5.png  used on input line 1090.
(pdftex.def)             Requested size: 338.67657pt x 215.52144pt.
<phts/7/png/7.6.png, id=1185, 794.97pt x 505.89pt>
File: phts/7/png/7.6.png Graphic file (type png)
<use phts/7/png/7.6.png>
Package pdftex.def Info: phts/7/png/7.6.png  used on input line 1092.
(pdftex.def)             Requested size: 338.67657pt x 215.52144pt.


[54 <./phts/7/png/7.4.png> <./phts/7/png/7.5.png> <./phts/7/png/7.6.png>]
<phts/7/png/7.7.png, id=1194, 722.7pt x 505.89pt>
File: phts/7/png/7.7.png Graphic file (type png)
<use phts/7/png/7.7.png>
Package pdftex.def Info: phts/7/png/7.7.png  used on input line 1094.
(pdftex.def)             Requested size: 307.88779pt x 215.52144pt.
<phts/7/png/7.8.png, id=1195, 794.97pt x 505.89pt>
File: phts/7/png/7.8.png Graphic file (type png)
<use phts/7/png/7.8.png>
Package pdftex.def Info: phts/7/png/7.8.png  used on input line 1096.
(pdftex.def)             Requested size: 338.67657pt x 215.52144pt.
<phts/7/png/7.9.png, id=1196, 867.24pt x 505.89pt>
File: phts/7/png/7.9.png Graphic file (type png)
<use phts/7/png/7.9.png>
Package pdftex.def Info: phts/7/png/7.9.png  used on input line 1101.
(pdftex.def)             Requested size: 360.34782pt x 210.20288pt.


[55 <./phts/7/png/7.7.png> <./phts/7/png/7.8.png>]
<phts/7/png/7.10.png, id=1204, 794.97pt x 505.89pt>
File: phts/7/png/7.10.png Graphic file (type png)
<use phts/7/png/7.10.png>
Package pdftex.def Info: phts/7/png/7.10.png  used on input line 1103.
(pdftex.def)             Requested size: 338.67657pt x 215.52144pt.
<phts/7/png/7.11.png, id=1205, 867.24pt x 505.89pt>
File: phts/7/png/7.11.png Graphic file (type png)
<use phts/7/png/7.11.png>
Package pdftex.def Info: phts/7/png/7.11.png  used on input line 1105.
(pdftex.def)             Requested size: 360.34782pt x 210.20288pt.


[56 <./phts/7/png/7.9.png> <./phts/7/png/7.10.png> <./phts/7/png/7.11.png>]
<phts/7/png/7.12.png, id=1213, 794.97pt x 505.89pt>
File: phts/7/png/7.12.png Graphic file (type png)
<use phts/7/png/7.12.png>
Package pdftex.def Info: phts/7/png/7.12.png  used on input line 1107.
(pdftex.def)             Requested size: 338.67657pt x 215.52144pt.
<phts/7/png/7.13.png, id=1214, 794.97pt x 505.89pt>
File: phts/7/png/7.13.png Graphic file (type png)
<use phts/7/png/7.13.png>
Package pdftex.def Info: phts/7/png/7.13.png  used on input line 1109.
(pdftex.def)             Requested size: 338.67657pt x 215.52144pt.
<phts/7/png/7.14.png, id=1215, 794.97pt x 505.89pt>
File: phts/7/png/7.14.png Graphic file (type png)
<use phts/7/png/7.14.png>
Package pdftex.def Info: phts/7/png/7.14.png  used on input line 1111.
(pdftex.def)             Requested size: 338.67657pt x 215.52144pt.


[57 <./phts/7/png/7.12.png> <./phts/7/png/7.13.png>]
<phts/7/png/7.15.png, id=1222, 722.7pt x 505.89pt>
File: phts/7/png/7.15.png Graphic file (type png)
<use phts/7/png/7.15.png>
Package pdftex.def Info: phts/7/png/7.15.png  used on input line 1113.
(pdftex.def)             Requested size: 307.88779pt x 215.52144pt.
<phts/7/png/7.16.png, id=1223, 794.97pt x 505.89pt>
File: phts/7/png/7.16.png Graphic file (type png)
<use phts/7/png/7.16.png>
Package pdftex.def Info: phts/7/png/7.16.png  used on input line 1115.
(pdftex.def)             Requested size: 338.67657pt x 215.52144pt.


[58 <./phts/7/png/7.14.png> <./phts/7/png/7.15.png> <./phts/7/png/7.16.png>]
<phts/7/png/7.17.png, id=1231, 867.24pt x 505.89pt>
File: phts/7/png/7.17.png Graphic file (type png)
<use phts/7/png/7.17.png>
Package pdftex.def Info: phts/7/png/7.17.png  used on input line 1120.
(pdftex.def)             Requested size: 360.34782pt x 210.20288pt.
<phts/7/png/7.18.png, id=1232, 794.97pt x 505.89pt>
File: phts/7/png/7.18.png Graphic file (type png)
<use phts/7/png/7.18.png>
Package pdftex.def Info: phts/7/png/7.18.png  used on input line 1122.
(pdftex.def)             Requested size: 338.67657pt x 215.52144pt.
<phts/7/png/7.19.png, id=1233, 867.24pt x 505.89pt>
File: phts/7/png/7.19.png Graphic file (type png)
<use phts/7/png/7.19.png>
Package pdftex.def Info: phts/7/png/7.19.png  used on input line 1124.
(pdftex.def)             Requested size: 360.34782pt x 210.20288pt.


[59 <./phts/7/png/7.17.png> <./phts/7/png/7.18.png>]
<phts/7/png/7.20.png, id=1240, 794.97pt x 505.89pt>
File: phts/7/png/7.20.png Graphic file (type png)
<use phts/7/png/7.20.png>
Package pdftex.def Info: phts/7/png/7.20.png  used on input line 1126.
(pdftex.def)             Requested size: 338.67657pt x 215.52144pt.
<phts/7/png/7.21.png, id=1241, 794.97pt x 505.89pt>
File: phts/7/png/7.21.png Graphic file (type png)
<use phts/7/png/7.21.png>
Package pdftex.def Info: phts/7/png/7.21.png  used on input line 1128.
(pdftex.def)             Requested size: 338.67657pt x 215.52144pt.


[60 <./phts/7/png/7.19.png> <./phts/7/png/7.20.png> <./phts/7/png/7.21.png>]
<phts/7/png/7.22.png, id=1249, 794.97pt x 505.89pt>
File: phts/7/png/7.22.png Graphic file (type png)
<use phts/7/png/7.22.png>
Package pdftex.def Info: phts/7/png/7.22.png  used on input line 1130.
(pdftex.def)             Requested size: 338.67657pt x 215.52144pt.
<phts/7/png/7.23.png, id=1250, 722.7pt x 505.89pt>
File: phts/7/png/7.23.png Graphic file (type png)
<use phts/7/png/7.23.png>
Package pdftex.def Info: phts/7/png/7.23.png  used on input line 1132.
(pdftex.def)             Requested size: 307.88779pt x 215.52144pt.
<phts/7/png/7.24.png, id=1251, 794.97pt x 505.89pt>
File: phts/7/png/7.24.png Graphic file (type png)
<use phts/7/png/7.24.png>
Package pdftex.def Info: phts/7/png/7.24.png  used on input line 1134.
(pdftex.def)             Requested size: 338.67657pt x 215.52144pt.


[61 <./phts/7/png/7.22.png> <./phts/7/png/7.23.png> <./phts/7/png/7.24.png>]
<phts/7/png/7.25.png, id=1260, 867.24pt x 505.89pt>
File: phts/7/png/7.25.png Graphic file (type png)
<use phts/7/png/7.25.png>
Package pdftex.def Info: phts/7/png/7.25.png  used on input line 1139.
(pdftex.def)             Requested size: 360.34782pt x 210.20288pt.
<phts/7/png/7.26.png, id=1261, 794.97pt x 505.89pt>
File: phts/7/png/7.26.png Graphic file (type png)
<use phts/7/png/7.26.png>
Package pdftex.def Info: phts/7/png/7.26.png  used on input line 1141.
(pdftex.def)             Requested size: 338.67657pt x 215.52144pt.
<phts/7/png/7.27.png, id=1262, 867.24pt x 505.89pt>
File: phts/7/png/7.27.png Graphic file (type png)
<use phts/7/png/7.27.png>
Package pdftex.def Info: phts/7/png/7.27.png  used on input line 1143.
(pdftex.def)             Requested size: 360.34782pt x 210.20288pt.


[62 <./phts/7/png/7.25.png> <./phts/7/png/7.26.png>]
<phts/7/png/7.28.png, id=1269, 794.97pt x 505.89pt>
File: phts/7/png/7.28.png Graphic file (type png)
<use phts/7/png/7.28.png>
Package pdftex.def Info: phts/7/png/7.28.png  used on input line 1145.
(pdftex.def)             Requested size: 338.67657pt x 215.52144pt.
<phts/7/png/7.29.png, id=1270, 794.97pt x 505.89pt>
File: phts/7/png/7.29.png Graphic file (type png)
<use phts/7/png/7.29.png>
Package pdftex.def Info: phts/7/png/7.29.png  used on input line 1147.
(pdftex.def)             Requested size: 338.67657pt x 215.52144pt.


[63 <./phts/7/png/7.27.png> <./phts/7/png/7.28.png> <./phts/7/png/7.29.png>]
<phts/7/png/7.30.png, id=1278, 794.97pt x 505.89pt>
File: phts/7/png/7.30.png Graphic file (type png)
<use phts/7/png/7.30.png>
Package pdftex.def Info: phts/7/png/7.30.png  used on input line 1149.
(pdftex.def)             Requested size: 338.67657pt x 215.52144pt.
<phts/7/png/7.31.png, id=1279, 722.7pt x 505.89pt>
File: phts/7/png/7.31.png Graphic file (type png)
<use phts/7/png/7.31.png>
Package pdftex.def Info: phts/7/png/7.31.png  used on input line 1151.
(pdftex.def)             Requested size: 307.88779pt x 215.52144pt.
<phts/7/png/7.32.png, id=1280, 794.97pt x 505.89pt>
File: phts/7/png/7.32.png Graphic file (type png)
<use phts/7/png/7.32.png>
Package pdftex.def Info: phts/7/png/7.32.png  used on input line 1153.
(pdftex.def)             Requested size: 338.67657pt x 215.52144pt.


[64 <./phts/7/png/7.30.png> <./phts/7/png/7.31.png> <./phts/7/png/7.32.png>]

[65] (./Sprawozdanie NEWD sem 26 - Jan DomaĹ„ski, Maciej KurzydĹ‚owski, Jan Machowski.aux)
 ***********
LaTeX2e <2024-06-01>
L3 programming layer <2024-05-27>
 ***********
Package rerunfilecheck Info: File `"Sprawozdanie NEWD sem 26 - Jan DomaĹ„ski, Maciej KurzydĹ‚owski, Jan Machowski".out' has not changed.
(rerunfilecheck)             Checksum: 767FFE200F0B2FFFE4834B47AD04FC98;26205.
 ) 
Here is how much of TeX's memory you used:
 15917 strings out of 473599
 281320 string characters out of 5732717
 1954894 words of memory out of 5000000
 38126 multiletter control sequences out of 15000+600000
 567509 words of font info for 63 fonts, out of 8000000 for 9000
 1141 hyphenation exceptions out of 8191
 94i,10n,93p,869b,601s stack positions out of 10000i,1000n,20000p,200000b,200000s
<g:/texlive/2024/texmf-dist/fonts/type1/public/amsfonts/cm/cmr12.pfb><g:/texlive/2024/texmf-dist/fonts/type1/public/amsfonts/cm/cmr8.pfb><g:/texlive/2024/texmf-dist/fonts/type1/public/pl/plbx12.pfb><g:/texlive/2024/texmf-dist/fonts/type1/public/pl/plr12.pfb><g:/texlive/2024/texmf-dist/fonts/type1/public/pl/plr17.pfb><g:/texlive/2024/texmf-dist/fonts/type1/public/pl/plti12.pfb><g:/texlive/2024/texmf-dist/fonts/type1/public/pl/pltt12.pfb><g:/texlive/2024/texmf-dist/fonts/type1/public/cm-super/sfrm1200.pfb>
Output written on "Sprawozdanie NEWD sem 26 - Jan DomaĹ„ski, Maciej KurzydĹ‚owski, Jan Machowski.pdf" (65 pages, 15649940 bytes).
PDF statistics:
 1406 PDF objects out of 1440 (max. 8388607)
 1081 compressed objects within 11 object streams
 299 named destinations out of 1000 (max. 500000)
 1449 words of extra memory for PDF output out of 10000 (max. 10000000)

