\BOOKMARK [1][-]{section.1}{\376\377\000S\000t\000a\000n\000d\000a\000r\000i\000z\000e\000d\000\040\000p\000r\000i\000c\000e\000-\000t\000o\000-\000i\000n\000c\000o\000m\000e\000\040\000r\000a\000t\000i\000o}{}% 1
\BOOKMARK [2][-]{subsection.1.1}{\376\377\001\171\000r\000\363\000d\001\102\000o\000\040\000d\000a\000n\000y\000c\000h}{section.1}% 2
\BOOKMARK [2][-]{subsection.1.2}{\376\377\000O\000p\000i\000s\000\040\000z\000b\000i\000o\000r\000u\000\040\000i\000\040\000i\000s\000t\000o\000t\000n\000y\000c\000h\000\040\000p\000o\000j\001\031\001\007}{section.1}% 3
\BOOKMARK [2][-]{subsection.1.3}{\376\377\000W\000i\000z\000u\000a\000l\000i\000z\000a\000c\000j\000e\000\040\000z\000b\000i\000o\000r\000u}{section.1}% 4
\BOOKMARK [3][-]{subsubsection.1.3.1}{\376\377\000S\000t\000a\000t\000y\000s\000t\000y\000k\000a\000\040\000o\000p\000i\000s\000o\000w\000a\000\040\000P\000r\000i\000c\000e\000-\000t\000o\000-\000I\000n\000c\000o\000m\000e}{subsection.1.3}% 5
\BOOKMARK [3][-]{subsubsection.1.3.2}{\376\377\000I\000n\000d\000e\000k\000s\000\040\000P\000r\000i\000c\000e\000-\000t\000o\000-\000I\000n\000c\000o\000m\000e\000\040\000w\000z\000g\000l\001\031\000d\000e\000m\000\040\000k\000r\000a\000j\000u}{subsection.1.3}% 6
\BOOKMARK [3][-]{subsubsection.1.3.3}{\376\377\000P\000r\000i\000c\000e\000-\000t\000o\000-\000I\000n\000c\000o\000m\000e\000\040\000w\000\040\0002\0000\0002\0004\000\040\000w\000z\000g\000l\001\031\000d\000e\000m\000\040\001\133\000r\000e\000d\000n\000i\000e\000j\000\040\000d\001\102\000u\000g\000o\000t\000e\000r\000m\000i\000n\000o\000w\000e\000j}{subsection.1.3}% 7
\BOOKMARK [3][-]{subsubsection.1.3.4}{\376\377\000Z\000m\000i\000a\000n\000a\000\040\000P\000r\000i\000c\000e\000-\000t\000o\000-\000I\000n\000c\000o\000m\000e\000\040\000m\000i\001\031\000d\000z\000y\000\040\0002\0000\0000\0000\000\040\000a\000\040\0002\0000\0002\0004}{subsection.1.3}% 8
\BOOKMARK [3][-]{subsubsection.1.3.5}{\376\377\000Z\000m\000i\000a\000n\000a\000\040\000P\000r\000i\000c\000e\000-\000t\000o\000-\000I\000n\000c\000o\000m\000e\000\040\000m\000i\001\031\000d\000z\000y\000\040\000m\000i\000n\000i\000m\000u\000m\000\040\000a\000\040\000m\000a\000k\000s\000i\000m\000u\000m}{subsection.1.3}% 9
\BOOKMARK [3][-]{subsubsection.1.3.6}{\376\377\000S\000t\000a\000t\000y\000s\000t\000y\000k\000i\000\040\000o\000p\000i\000s\000o\000w\000e\000\040\000R\000a\000t\000e\000\040\000o\000f\000\040\000C\000h\000a\000n\000g\000e}{subsection.1.3}% 10
\BOOKMARK [3][-]{subsubsection.1.3.7}{\376\377\000I\000n\000d\000e\000k\000s\000\040\000R\000a\000t\000e\000\040\000o\000f\000\040\000C\000h\000a\000n\000g\000e\000\040\000w\000z\000g\000l\001\031\000d\000m\000\040\000k\000r\000a\000j\000u}{subsection.1.3}% 11
\BOOKMARK [3][-]{subsubsection.1.3.8}{\376\377\000H\000e\000a\000t\000m\000a\000p\000\040\000w\000a\000r\000t\000o\001\133\000c\000i\000\040\000R\000a\000t\000e\000\040\000o\000f\000\040\000C\000h\000a\000n\000g\000e}{subsection.1.3}% 12
\BOOKMARK [3][-]{subsubsection.1.3.9}{\376\377\000W\000y\000r\000k\000e\000s\000y\000\040\000d\000l\000a\000\040\000P\000o\000l\000s\000k\000i}{subsection.1.3}% 13
\BOOKMARK [2][-]{subsection.1.4}{\376\377\000W\000n\000i\000o\000s\000k\000i}{section.1}% 14
\BOOKMARK [1][-]{section.2}{\376\377\000N\000o\000c\000l\000e\000g\000i\000\040\000i\000\040\000m\000i\000e\000j\000s\000c\000a\000\040\000d\000o\000\040\000s\000p\000a\000n\000i\000a\000\040\000d\000l\000a\000\040\000t\000u\000r\000y\000s\000t\000\363\000w\000\040\000w\000\040\000E\000u\000r\000o\000p\000i\000e}{}% 15
\BOOKMARK [2][-]{subsection.2.1}{\376\377\001\171\000r\000\363\000d\001\102\000o\000\040\000d\000a\000n\000y\000c\000h}{section.2}% 16
\BOOKMARK [2][-]{subsection.2.2}{\376\377\000O\000p\000i\000s\000\040\000z\000b\000i\000o\000r\000u\000\040\000i\000\040\000i\000s\000t\000o\000t\000n\000y\000c\000h\000\040\000p\000o\000j\001\031\001\007}{section.2}% 17
\BOOKMARK [2][-]{subsection.2.3}{\376\377\000W\000i\000z\000u\000a\000l\000i\000z\000a\000c\000j\000e\000\040\000z\000b\000i\000o\000r\000u}{section.2}% 18
\BOOKMARK [3][-]{subsubsection.2.3.1}{\376\377\000K\000r\000a\000j\000e\000\040\000z\000\040\000n\000a\000j\000w\000i\001\031\000k\000s\000z\001\005\000\040\000l\000i\000c\000z\000b\001\005\000\040\000p\000l\000a\000c\000\363\000w\000e\000k\000\040\000n\000o\000c\000l\000e\000g\000o\000w\000y\000c\000h}{subsection.2.3}% 19
\BOOKMARK [3][-]{subsubsection.2.3.2}{\376\377\000K\000r\000a\000j\000e\000\040\000z\000\040\000n\000a\000j\000w\000i\001\031\000k\000s\000z\001\005\000\040\000l\000i\000c\000z\000b\001\005\000\040\000m\000i\000e\000j\000s\000c\000\040\000d\000o\000\040\000s\000p\000a\000n\000i\000a}{subsection.2.3}% 20
\BOOKMARK [3][-]{subsubsection.2.3.3}{\376\377\001\132\000r\000e\000d\000n\000i\000a\000\040\000l\000i\000c\000z\000b\000a\000\040\000m\000i\000e\000j\000s\000c\000\040\000d\000o\000\040\000s\000p\000a\000n\000i\000a\000\040\000n\000a\000\040\000p\000l\000a\000c\000\363\000w\000k\001\031\000\040\000t\000u\000r\000y\000s\000t\000y\000c\000z\000n\001\005}{subsection.2.3}% 21
\BOOKMARK [3][-]{subsubsection.2.3.4}{\376\377\000Z\000m\000i\000e\000n\000n\000o\001\133\001\007\000\040\000l\000i\000c\000z\000b\000y\000\040\000p\000l\000a\000c\000\363\000w\000e\000k\000\040\000n\000o\000c\000l\000e\000g\000o\000w\000y\000c\000h\000\040\000n\000a\000\040\000p\000r\000z\000e\000s\000t\000r\000z\000e\000n\000i\000\040\000l\000a\000t}{subsection.2.3}% 22
\BOOKMARK [3][-]{subsubsection.2.3.5}{\376\377\000I\000n\000d\000e\000k\000s\000\040\000w\000z\000r\000o\000s\000t\000u\000\040\000l\000i\000c\000z\000b\000y\000\040\000p\000l\000a\000c\000\363\000w\000e\000k\000\040\000t\000u\000r\000y\000s\000t\000y\000c\000z\000n\000y\000c\000h\000\040\000n\000a\000\040\000p\000r\000z\000e\000s\000t\000r\000z\000e\000n\000i\000\040\000l\000a\000t}{subsection.2.3}% 23
\BOOKMARK [3][-]{subsubsection.2.3.6}{\376\377\000L\000i\000c\000z\000b\000a\000\040\000p\000l\000a\000c\000\363\000w\000e\000k\000\040\000t\000u\000r\000y\000s\000t\000y\000c\000z\000n\000y\000c\000h\000\040\000w\000\040\000w\000y\000b\000r\000a\000n\000y\000c\000h\000\040\000k\000r\000a\000j\000a\000c\000h\000,\000\040\000z\000\040\000p\000o\000d\000z\000i\000a\001\102\000e\000m\000\040\000n\000a\000\040\000s\000t\000o\000p\000i\000e\001\104\000\040\000u\000r\000b\000a\000n\000i\000z\000a\000c\000j\000i}{subsection.2.3}% 24
\BOOKMARK [3][-]{subsubsection.2.3.7}{\376\377\000L\000i\000c\000z\000b\000a\000\040\000p\000l\000a\000c\000\363\000w\000e\000k\000\040\000t\000u\000r\000y\000s\000t\000y\000c\000z\000n\000y\000c\000h\000\040\000w\000\040\000w\000y\000b\000r\000a\000n\000y\000c\000h\000\040\000k\000r\000a\000j\000a\000c\000h\000,\000\040\000z\000\040\000p\000o\000d\000z\000i\000a\001\102\000e\000m\000\040\000n\000a\000\040\000d\000o\000s\000t\001\031\000p\000\040\000d\000o\000\040\000m\000o\000r\000z\000a}{subsection.2.3}% 25
\BOOKMARK [3][-]{subsubsection.2.3.8}{\376\377\000L\000i\000c\000z\000b\000a\000\040\000p\000l\000a\000c\000\363\000w\000e\000k\000\040\000t\000u\000r\000y\000s\000t\000y\000c\000z\000n\000y\000c\000h\000\040\000i\000\040\000m\000i\000e\000j\000s\000c\000\040\000d\000o\000\040\000s\000p\000a\000n\000i\000a\000\040\000w\000\040\000P\000o\000l\000s\000c\000e\000,\000\040\000z\000\040\000p\000o\000d\000z\000i\000a\001\102\000e\000m\000\040\000n\000a\000\040\000w\000o\000j\000e\000w\000\363\000d\000z\000t\000w\000a}{subsection.2.3}% 26
\BOOKMARK [3][-]{subsubsection.2.3.9}{\376\377\000N\000U\000T\000S\0002\000\040\000-\000\040\000p\000o\000d\000z\000i\000a\001\102\000\040\000n\000a\000\040\000j\000e\000d\000n\000o\000s\000t\000k\000i\000\040\000g\000e\000o\000g\000r\000a\000f\000i\000c\000z\000n\000e}{subsection.2.3}% 27
\BOOKMARK [3][-]{subsubsection.2.3.10}{\376\377\000L\000i\000c\000z\000b\000a\000\040\000p\000l\000a\000c\000\363\000w\000e\000k\000\040\000t\000u\000r\000y\000s\000t\000y\000c\000z\000n\000y\000c\000h\000\040\000i\000\040\000m\000i\000e\000j\000s\000c\000\040\000d\000o\000\040\000s\000p\000a\000n\000i\000a\000\040\000w\000\040\000P\000o\000l\000s\000c\000e\000,\000\040\000z\000\040\000p\000o\000d\000z\000i\000a\001\102\000e\000m\000\040\000n\000a\000\040\000s\000t\000o\000p\000i\000e\001\104\000\040\000u\000r\000b\000a\000n\000i\000z\000a\000c\000j\000i\000\040\000o\000r\000a\000z\000\040\000d\000o\000s\000t\001\031\000p\000\040\000d\000o\000\040\000m\000o\000r\000z\000a}{subsection.2.3}% 28
\BOOKMARK [3][-]{subsubsection.2.3.11}{\376\377\000D\000o\000d\000a\000t\000k\000o\000w\000e\000\040\000w\000i\000z\000u\000a\000l\000i\000z\000a\000c\000j\000e\000\040\000d\000l\000a\000\040\000P\000o\000l\000s\000k\000i}{subsection.2.3}% 29
\BOOKMARK [2][-]{subsection.2.4}{\376\377\000W\000n\000i\000o\000s\000k\000i}{section.2}% 30
\BOOKMARK [1][-]{section.3}{\376\377\000N\000i\000e\000-\000d\000o\000m\000i\000n\000u\000j\001\005\000c\000e\000\040\000w\000y\000z\000n\000a\000n\000i\000a\000\040\000r\000e\000l\000i\000g\000i\000j\000n\000e\000\040\000w\000\040\000P\000o\000l\000s\000c\000e}{}% 31
\BOOKMARK [2][-]{subsection.3.1}{\376\377\001\171\000r\000\363\000d\001\102\000o\000\040\000d\000a\000n\000y\000c\000h}{section.3}% 32
\BOOKMARK [2][-]{subsection.3.2}{\376\377\000O\000p\000i\000s\000\040\000z\000b\000i\000o\000r\000u\000\040\000i\000\040\000i\000s\000t\000o\000t\000n\000y\000c\000h\000\040\000p\000o\000j\001\031\001\007}{section.3}% 33
\BOOKMARK [2][-]{subsection.3.3}{\376\377\000W\000i\000z\000u\000a\000l\000i\000z\000a\000c\000j\000e\000\040\000z\000b\000i\000o\000r\000u}{section.3}% 34
\BOOKMARK [2][-]{subsection.3.4}{\376\377\000W\000n\000i\000o\000s\000k\000i}{section.3}% 35
